{"/Users/nhall/Sites/pari": {"path":"/Users/nhall/Sites/pari","statementMap":{},"fnMap":{},"branchMap":{},"s":{},"f":{},"b":{},"meta":{"lastBranch":0,"lastFunction":0,"lastStatement":0,"seen":{}}}
,"/Users/nhall/Sites/pari/.storybook/preview.css": {"path":"/Users/nhall/Sites/pari/.storybook/preview.css","statementMap":{},"fnMap":{},"branchMap":{},"s":{},"f":{},"b":{},"meta":{"lastBranch":0,"lastFunction":0,"lastStatement":0,"seen":{}}}
,"/Users/nhall/Sites/pari/.storybook/preview.ts": {"path":"/Users/nhall/Sites/pari/.storybook/preview.ts","statementMap":{"0":{"start":{"line":4,"column":25},"end":{"line":24,"column":null}}},"fnMap":{},"branchMap":{},"s":{"0":6},"f":{},"b":{},"meta":{"lastBranch":0,"lastFunction":0,"lastStatement":1,"seen":{"s:4:25:24:Infinity":0}}}
,"/Users/nhall/Sites/pari/src/components/accordion/accordion.ts": {"path":"/Users/nhall/Sites/pari/src/components/accordion/accordion.ts","statementMap":{"0":{"start":{"line":19,"column":23},"end":{"line":19,"column":null}},"1":{"start":{"line":20,"column":26},"end":{"line":20,"column":null}},"2":{"start":{"line":23,"column":2},"end":{"line":23,"column":null}},"3":{"start":{"line":24,"column":2},"end":{"line":24,"column":null}},"4":{"start":{"line":26,"column":2},"end":{"line":28,"column":null}},"5":{"start":{"line":28,"column":3},"end":{"line":28,"column":null}},"6":{"start":{"line":28,"column":20},"end":{"line":28,"column":45}},"7":{"start":{"line":33,"column":2},"end":{"line":33,"column":null}},"8":{"start":{"line":34,"column":2},"end":{"line":34,"column":null}},"9":{"start":{"line":38,"column":2},"end":{"line":40,"column":null}},"10":{"start":{"line":44,"column":2},"end":{"line":46,"column":null}},"11":{"start":{"line":45,"column":15},"end":{"line":45,"column":61}},"12":{"start":{"line":46,"column":36},"end":{"line":46,"column":47}},"13":{"start":{"line":50,"column":18},"end":{"line":51,"column":null}},"14":{"start":{"line":53,"column":2},"end":{"line":53,"column":null}},"15":{"start":{"line":53,"column":48},"end":{"line":53,"column":null}},"16":{"start":{"line":55,"column":2},"end":{"line":58,"column":null}},"17":{"start":{"line":56,"column":3},"end":{"line":58,"column":null}},"18":{"start":{"line":57,"column":4},"end":{"line":58,"column":null}},"19":{"start":{"line":58,"column":5},"end":{"line":58,"column":null}},"20":{"start":{"line":63,"column":2},"end":{"line":64,"column":null}},"21":{"start":{"line":64,"column":3},"end":{"line":64,"column":null}},"22":{"start":{"line":69,"column":17},"end":{"line":69,"column":null}},"23":{"start":{"line":70,"column":18},"end":{"line":70,"column":50}},"24":{"start":{"line":71,"column":2},"end":{"line":71,"column":null}},"25":{"start":{"line":71,"column":16},"end":{"line":71,"column":null}},"26":{"start":{"line":73,"column":21},"end":{"line":73,"column":55}},"27":{"start":{"line":74,"column":2},"end":{"line":74,"column":null}},"28":{"start":{"line":74,"column":56},"end":{"line":74,"column":null}},"29":{"start":{"line":76,"column":19},"end":{"line":76,"column":null}},"30":{"start":{"line":77,"column":22},"end":{"line":77,"column":null}},"31":{"start":{"line":78,"column":19},"end":{"line":78,"column":null}},"32":{"start":{"line":80,"column":2},"end":{"line":84,"column":null}},"33":{"start":{"line":88,"column":22},"end":{"line":88,"column":null}},"34":{"start":{"line":89,"column":18},"end":{"line":89,"column":49}},"35":{"start":{"line":89,"column":42},"end":{"line":89,"column":49}},"36":{"start":{"line":91,"column":2},"end":{"line":92,"column":null}},"37":{"start":{"line":92,"column":3},"end":{"line":92,"column":null}},"38":{"start":{"line":95,"column":2},"end":{"line":99,"column":null}},"39":{"start":{"line":96,"column":3},"end":{"line":99,"column":null}},"40":{"start":{"line":97,"column":4},"end":{"line":97,"column":null}},"41":{"start":{"line":99,"column":4},"end":{"line":99,"column":null}},"42":{"start":{"line":105,"column":0},"end":{"line":105,"column":null}}},"fnMap":{"0":{"name":"(anonymous_0)","decl":{"start":{"line":22,"column":1},"end":{"line":22,"column":21}},"loc":{"start":{"line":22,"column":21},"end":{"line":28,"column":null}},"line":22},"1":{"name":"(anonymous_1)","decl":{"start":{"line":28,"column":3},"end":{"line":28,"column":20}},"loc":{"start":{"line":28,"column":20},"end":{"line":28,"column":45}},"line":28},"2":{"name":"(anonymous_2)","decl":{"start":{"line":32,"column":1},"end":{"line":32,"column":24}},"loc":{"start":{"line":32,"column":24},"end":{"line":34,"column":null}},"line":32},"3":{"name":"(anonymous_3)","decl":{"start":{"line":37,"column":13},"end":{"line":37,"column":53}},"loc":{"start":{"line":37,"column":53},"end":{"line":40,"column":null}},"line":37},"4":{"name":"(anonymous_4)","decl":{"start":{"line":43,"column":13},"end":{"line":43,"column":40}},"loc":{"start":{"line":43,"column":40},"end":{"line":46,"column":null}},"line":43},"5":{"name":"(anonymous_5)","decl":{"start":{"line":45,"column":4},"end":{"line":45,"column":9}},"loc":{"start":{"line":45,"column":15},"end":{"line":45,"column":61}},"line":45},"6":{"name":"(anonymous_6)","decl":{"start":{"line":46,"column":4},"end":{"line":46,"column":12}},"loc":{"start":{"line":46,"column":36},"end":{"line":46,"column":47}},"line":46},"7":{"name":"(anonymous_7)","decl":{"start":{"line":49,"column":1},"end":{"line":49,"column":17}},"loc":{"start":{"line":49,"column":31},"end":{"line":64,"column":null}},"line":49},"8":{"name":"(anonymous_8)","decl":{"start":{"line":68,"column":1},"end":{"line":68,"column":20}},"loc":{"start":{"line":68,"column":42},"end":{"line":84,"column":null}},"line":68},"9":{"name":"(anonymous_9)","decl":{"start":{"line":87,"column":1},"end":{"line":87,"column":30}},"loc":{"start":{"line":87,"column":30},"end":{"line":99,"column":null}},"line":87},"10":{"name":"(anonymous_10)","decl":{"start":{"line":89,"column":30},"end":{"line":89,"column":36}},"loc":{"start":{"line":89,"column":42},"end":{"line":89,"column":49}},"line":89}},"branchMap":{"0":{"loc":{"start":{"line":26,"column":2},"end":{"line":28,"column":null}},"type":"if","locations":[{"start":{"line":26,"column":2},"end":{"line":28,"column":null}},{"start":{},"end":{}}],"line":26},"1":{"loc":{"start":{"line":53,"column":2},"end":{"line":53,"column":null}},"type":"if","locations":[{"start":{"line":53,"column":2},"end":{"line":53,"column":null}},{"start":{},"end":{}}],"line":53},"2":{"loc":{"start":{"line":53,"column":6},"end":{"line":53,"column":48}},"type":"binary-expr","locations":[{"start":{"line":53,"column":6},"end":{"line":53,"column":17}},{"start":{"line":53,"column":17},"end":{"line":53,"column":48}}],"line":53},"3":{"loc":{"start":{"line":55,"column":2},"end":{"line":58,"column":null}},"type":"if","locations":[{"start":{"line":55,"column":2},"end":{"line":58,"column":null}},{"start":{},"end":{}}],"line":55},"4":{"loc":{"start":{"line":55,"column":6},"end":{"line":55,"column":70}},"type":"binary-expr","locations":[{"start":{"line":55,"column":6},"end":{"line":55,"column":34}},{"start":{"line":55,"column":38},"end":{"line":55,"column":70}}],"line":55},"5":{"loc":{"start":{"line":57,"column":4},"end":{"line":58,"column":null}},"type":"if","locations":[{"start":{"line":57,"column":4},"end":{"line":58,"column":null}},{"start":{},"end":{}}],"line":57},"6":{"loc":{"start":{"line":57,"column":8},"end":{"line":57,"column":50}},"type":"binary-expr","locations":[{"start":{"line":57,"column":8},"end":{"line":57,"column":33}},{"start":{"line":57,"column":33},"end":{"line":57,"column":50}}],"line":57},"7":{"loc":{"start":{"line":63,"column":2},"end":{"line":64,"column":null}},"type":"if","locations":[{"start":{"line":63,"column":2},"end":{"line":64,"column":null}},{"start":{},"end":{}}],"line":63},"8":{"loc":{"start":{"line":71,"column":2},"end":{"line":71,"column":null}},"type":"if","locations":[{"start":{"line":71,"column":2},"end":{"line":71,"column":null}},{"start":{},"end":{}}],"line":71},"9":{"loc":{"start":{"line":74,"column":2},"end":{"line":74,"column":null}},"type":"if","locations":[{"start":{"line":74,"column":2},"end":{"line":74,"column":null}},{"start":{},"end":{}}],"line":74},"10":{"loc":{"start":{"line":74,"column":6},"end":{"line":74,"column":56}},"type":"binary-expr","locations":[{"start":{"line":74,"column":6},"end":{"line":74,"column":21}},{"start":{"line":74,"column":21},"end":{"line":74,"column":56}}],"line":74},"11":{"loc":{"start":{"line":77,"column":22},"end":{"line":77,"column":null}},"type":"binary-expr","locations":[{"start":{"line":77,"column":22},"end":{"line":77,"column":54}},{"start":{"line":77,"column":58},"end":{"line":77,"column":null}}],"line":77},"12":{"loc":{"start":{"line":78,"column":19},"end":{"line":78,"column":null}},"type":"cond-expr","locations":[{"start":{"line":78,"column":50},"end":{"line":78,"column":76}},{"start":{"line":78,"column":76},"end":{"line":78,"column":null}}],"line":78},"13":{"loc":{"start":{"line":91,"column":2},"end":{"line":92,"column":null}},"type":"if","locations":[{"start":{"line":91,"column":2},"end":{"line":92,"column":null}},{"start":{},"end":{}}],"line":91},"14":{"loc":{"start":{"line":91,"column":6},"end":{"line":91,"column":42}},"type":"binary-expr","locations":[{"start":{"line":91,"column":6},"end":{"line":91,"column":18}},{"start":{"line":91,"column":18},"end":{"line":91,"column":42}}],"line":91},"15":{"loc":{"start":{"line":96,"column":3},"end":{"line":99,"column":null}},"type":"if","locations":[{"start":{"line":96,"column":3},"end":{"line":99,"column":null}},{"start":{"line":98,"column":10},"end":{"line":99,"column":null}}],"line":96}},"s":{"0":12,"1":12,"2":6,"3":6,"4":6,"5":3,"6":3,"7":5,"8":5,"9":20,"10":11,"11":30,"12":30,"13":6,"14":6,"15":0,"16":6,"17":4,"18":11,"19":3,"20":6,"21":2,"22":11,"23":11,"24":11,"25":0,"26":11,"27":11,"28":0,"29":11,"30":11,"31":11,"32":11,"33":5,"34":5,"35":7,"36":5,"37":1,"38":5,"39":12,"40":5,"41":7,"42":1},"f":{"0":6,"1":3,"2":5,"3":20,"4":11,"5":30,"6":30,"7":6,"8":11,"9":5,"10":7},"b":{"0":[3,3],"1":[0,6],"2":[6,6],"3":[4,2],"4":[6,4],"5":[3,8],"6":[11,7],"7":[2,4],"8":[0,11],"9":[0,11],"10":[11,11],"11":[11,8],"12":[3,8],"13":[1,4],"14":[5,1],"15":[5,7]},"meta":{"lastBranch":16,"lastFunction":11,"lastStatement":43,"seen":{"s:19:23:19:Infinity":0,"s:20:26:20:Infinity":1,"f:22:1:22:21":0,"s:23:2:23:Infinity":2,"s:24:2:24:Infinity":3,"b:26:2:28:Infinity:undefined:undefined:undefined:undefined":0,"s:26:2:28:Infinity":4,"s:28:3:28:Infinity":5,"f:28:3:28:20":1,"s:28:20:28:45":6,"f:32:1:32:24":2,"s:33:2:33:Infinity":7,"s:34:2:34:Infinity":8,"f:37:13:37:53":3,"s:38:2:40:Infinity":9,"f:43:13:43:40":4,"s:44:2:46:Infinity":10,"f:45:4:45:9":5,"s:45:15:45:61":11,"f:46:4:46:12":6,"s:46:36:46:47":12,"f:49:1:49:17":7,"s:50:18:51:Infinity":13,"b:53:2:53:Infinity:undefined:undefined:undefined:undefined":1,"s:53:2:53:Infinity":14,"b:53:6:53:17:53:17:53:48":2,"s:53:48:53:Infinity":15,"b:55:2:58:Infinity:undefined:undefined:undefined:undefined":3,"s:55:2:58:Infinity":16,"b:55:6:55:34:55:38:55:70":4,"s:56:3:58:Infinity":17,"b:57:4:58:Infinity:undefined:undefined:undefined:undefined":5,"s:57:4:58:Infinity":18,"b:57:8:57:33:57:33:57:50":6,"s:58:5:58:Infinity":19,"b:63:2:64:Infinity:undefined:undefined:undefined:undefined":7,"s:63:2:64:Infinity":20,"s:64:3:64:Infinity":21,"f:68:1:68:20":8,"s:69:17:69:Infinity":22,"s:70:18:70:50":23,"b:71:2:71:Infinity:undefined:undefined:undefined:undefined":8,"s:71:2:71:Infinity":24,"s:71:16:71:Infinity":25,"s:73:21:73:55":26,"b:74:2:74:Infinity:undefined:undefined:undefined:undefined":9,"s:74:2:74:Infinity":27,"b:74:6:74:21:74:21:74:56":10,"s:74:56:74:Infinity":28,"s:76:19:76:Infinity":29,"s:77:22:77:Infinity":30,"b:77:22:77:54:77:58:77:Infinity":11,"s:78:19:78:Infinity":31,"b:78:50:78:76:78:76:78:Infinity":12,"s:80:2:84:Infinity":32,"f:87:1:87:30":9,"s:88:22:88:Infinity":33,"s:89:18:89:49":34,"f:89:30:89:36":10,"s:89:42:89:49":35,"b:91:2:92:Infinity:undefined:undefined:undefined:undefined":13,"s:91:2:92:Infinity":36,"b:91:6:91:18:91:18:91:42":14,"s:92:3:92:Infinity":37,"s:95:2:99:Infinity":38,"b:96:3:99:Infinity:98:10:99:Infinity":15,"s:96:3:99:Infinity":39,"s:97:4:97:Infinity":40,"s:99:4:99:Infinity":41,"s:105:0:105:Infinity":42}}}
,"/Users/nhall/Sites/pari/src/components/dialog/dialog.ts": {"path":"/Users/nhall/Sites/pari/src/components/dialog/dialog.ts","statementMap":{"0":{"start":{"line":23,"column":45},"end":{"line":23,"column":null}},"1":{"start":{"line":25,"column":24},"end":{"line":25,"column":null}},"2":{"start":{"line":26,"column":24},"end":{"line":26,"column":null}},"3":{"start":{"line":27,"column":32},"end":{"line":27,"column":null}},"4":{"start":{"line":28,"column":49},"end":{"line":28,"column":null}},"5":{"start":{"line":31,"column":2},"end":{"line":31,"column":null}},"6":{"start":{"line":32,"column":2},"end":{"line":32,"column":null}},"7":{"start":{"line":32,"column":21},"end":{"line":32,"column":null}},"8":{"start":{"line":34,"column":2},"end":{"line":34,"column":null}},"9":{"start":{"line":36,"column":18},"end":{"line":36,"column":67}},"10":{"start":{"line":37,"column":2},"end":{"line":38,"column":null}},"11":{"start":{"line":38,"column":3},"end":{"line":38,"column":null}},"12":{"start":{"line":41,"column":2},"end":{"line":41,"column":null}},"13":{"start":{"line":42,"column":2},"end":{"line":42,"column":null}},"14":{"start":{"line":44,"column":2},"end":{"line":45,"column":null}},"15":{"start":{"line":45,"column":3},"end":{"line":45,"column":null}},"16":{"start":{"line":48,"column":2},"end":{"line":53,"column":null}},"17":{"start":{"line":49,"column":3},"end":{"line":51,"column":null}},"18":{"start":{"line":50,"column":4},"end":{"line":50,"column":null}},"19":{"start":{"line":51,"column":4},"end":{"line":51,"column":null}},"20":{"start":{"line":53,"column":3},"end":{"line":53,"column":null}},"21":{"start":{"line":58,"column":2},"end":{"line":58,"column":null}},"22":{"start":{"line":60,"column":2},"end":{"line":62,"column":null}},"23":{"start":{"line":61,"column":3},"end":{"line":61,"column":null}},"24":{"start":{"line":62,"column":3},"end":{"line":62,"column":null}},"25":{"start":{"line":65,"column":2},"end":{"line":67,"column":null}},"26":{"start":{"line":66,"column":3},"end":{"line":66,"column":null}},"27":{"start":{"line":67,"column":3},"end":{"line":67,"column":null}},"28":{"start":{"line":72,"column":2},"end":{"line":72,"column":null}},"29":{"start":{"line":77,"column":2},"end":{"line":77,"column":null}},"30":{"start":{"line":77,"column":42},"end":{"line":77,"column":null}},"31":{"start":{"line":79,"column":2},"end":{"line":79,"column":null}},"32":{"start":{"line":81,"column":2},"end":{"line":82,"column":null}},"33":{"start":{"line":82,"column":3},"end":{"line":82,"column":null}},"34":{"start":{"line":85,"column":2},"end":{"line":86,"column":null}},"35":{"start":{"line":86,"column":3},"end":{"line":86,"column":null}},"36":{"start":{"line":89,"column":2},"end":{"line":94,"column":null}},"37":{"start":{"line":99,"column":2},"end":{"line":99,"column":null}},"38":{"start":{"line":99,"column":43},"end":{"line":99,"column":null}},"39":{"start":{"line":100,"column":2},"end":{"line":100,"column":null}},"40":{"start":{"line":104,"column":17},"end":{"line":104,"column":null}},"41":{"start":{"line":106,"column":17},"end":{"line":106,"column":47}},"42":{"start":{"line":107,"column":2},"end":{"line":109,"column":null}},"43":{"start":{"line":108,"column":3},"end":{"line":108,"column":null}},"44":{"start":{"line":109,"column":3},"end":{"line":109,"column":null}},"45":{"start":{"line":112,"column":18},"end":{"line":112,"column":50}},"46":{"start":{"line":113,"column":2},"end":{"line":114,"column":null}},"47":{"start":{"line":114,"column":3},"end":{"line":114,"column":null}},"48":{"start":{"line":119,"column":2},"end":{"line":120,"column":null}},"49":{"start":{"line":120,"column":3},"end":{"line":120,"column":null}},"50":{"start":{"line":123,"column":2},"end":{"line":124,"column":null}},"51":{"start":{"line":124,"column":3},"end":{"line":124,"column":null}},"52":{"start":{"line":127,"column":2},"end":{"line":132,"column":null}},"53":{"start":{"line":136,"column":2},"end":{"line":136,"column":null}},"54":{"start":{"line":136,"column":21},"end":{"line":136,"column":null}},"55":{"start":{"line":138,"column":15},"end":{"line":138,"column":51}},"56":{"start":{"line":140,"column":3},"end":{"line":143,"column":null}},"57":{"start":{"line":145,"column":2},"end":{"line":146,"column":null}},"58":{"start":{"line":146,"column":3},"end":{"line":146,"column":null}},"59":{"start":{"line":151,"column":0},"end":{"line":151,"column":null}}},"fnMap":{"0":{"name":"(anonymous_0)","decl":{"start":{"line":30,"column":1},"end":{"line":30,"column":21}},"loc":{"start":{"line":30,"column":21},"end":{"line":53,"column":null}},"line":30},"1":{"name":"(anonymous_1)","decl":{"start":{"line":49,"column":8},"end":{"line":49,"column":33}},"loc":{"start":{"line":49,"column":33},"end":{"line":51,"column":null}},"line":49},"2":{"name":"(anonymous_2)","decl":{"start":{"line":57,"column":1},"end":{"line":57,"column":24}},"loc":{"start":{"line":57,"column":24},"end":{"line":67,"column":null}},"line":57},"3":{"name":"(anonymous_3)","decl":{"start":{"line":71,"column":5},"end":{"line":71,"column":21}},"loc":{"start":{"line":71,"column":21},"end":{"line":72,"column":null}},"line":71},"4":{"name":"(anonymous_4)","decl":{"start":{"line":76,"column":1},"end":{"line":76,"column":8}},"loc":{"start":{"line":76,"column":8},"end":{"line":94,"column":null}},"line":76},"5":{"name":"(anonymous_5)","decl":{"start":{"line":98,"column":1},"end":{"line":98,"column":8}},"loc":{"start":{"line":98,"column":8},"end":{"line":100,"column":null}},"line":98},"6":{"name":"(anonymous_6)","decl":{"start":{"line":103,"column":1},"end":{"line":103,"column":18}},"loc":{"start":{"line":103,"column":32},"end":{"line":114,"column":null}},"line":103},"7":{"name":"(anonymous_7)","decl":{"start":{"line":118,"column":1},"end":{"line":118,"column":20}},"loc":{"start":{"line":118,"column":20},"end":{"line":132,"column":null}},"line":118},"8":{"name":"(anonymous_8)","decl":{"start":{"line":135,"column":1},"end":{"line":135,"column":26}},"loc":{"start":{"line":135,"column":45},"end":{"line":146,"column":null}},"line":135}},"branchMap":{"0":{"loc":{"start":{"line":32,"column":2},"end":{"line":32,"column":null}},"type":"if","locations":[{"start":{"line":32,"column":2},"end":{"line":32,"column":null}},{"start":{},"end":{}}],"line":32},"1":{"loc":{"start":{"line":37,"column":2},"end":{"line":38,"column":null}},"type":"if","locations":[{"start":{"line":37,"column":2},"end":{"line":38,"column":null}},{"start":{},"end":{}}],"line":37},"2":{"loc":{"start":{"line":44,"column":2},"end":{"line":45,"column":null}},"type":"if","locations":[{"start":{"line":44,"column":2},"end":{"line":45,"column":null}},{"start":{},"end":{}}],"line":44},"3":{"loc":{"start":{"line":48,"column":2},"end":{"line":53,"column":null}},"type":"if","locations":[{"start":{"line":48,"column":2},"end":{"line":53,"column":null}},{"start":{},"end":{}}],"line":48},"4":{"loc":{"start":{"line":48,"column":6},"end":{"line":48,"column":56}},"type":"binary-expr","locations":[{"start":{"line":48,"column":6},"end":{"line":48,"column":35}},{"start":{"line":48,"column":39},"end":{"line":48,"column":56}}],"line":48},"5":{"loc":{"start":{"line":60,"column":2},"end":{"line":62,"column":null}},"type":"if","locations":[{"start":{"line":60,"column":2},"end":{"line":62,"column":null}},{"start":{},"end":{}}],"line":60},"6":{"loc":{"start":{"line":65,"column":2},"end":{"line":67,"column":null}},"type":"if","locations":[{"start":{"line":65,"column":2},"end":{"line":67,"column":null}},{"start":{},"end":{}}],"line":65},"7":{"loc":{"start":{"line":65,"column":6},"end":{"line":65,"column":49}},"type":"binary-expr","locations":[{"start":{"line":65,"column":6},"end":{"line":65,"column":31}},{"start":{"line":65,"column":31},"end":{"line":65,"column":49}}],"line":65},"8":{"loc":{"start":{"line":72,"column":9},"end":{"line":72,"column":null}},"type":"binary-expr","locations":[{"start":{"line":72,"column":9},"end":{"line":72,"column":31}},{"start":{"line":72,"column":31},"end":{"line":72,"column":null}}],"line":72},"9":{"loc":{"start":{"line":77,"column":2},"end":{"line":77,"column":null}},"type":"if","locations":[{"start":{"line":77,"column":2},"end":{"line":77,"column":null}},{"start":{},"end":{}}],"line":77},"10":{"loc":{"start":{"line":77,"column":6},"end":{"line":77,"column":42}},"type":"binary-expr","locations":[{"start":{"line":77,"column":6},"end":{"line":77,"column":23}},{"start":{"line":77,"column":23},"end":{"line":77,"column":42}}],"line":77},"11":{"loc":{"start":{"line":81,"column":2},"end":{"line":82,"column":null}},"type":"if","locations":[{"start":{"line":81,"column":2},"end":{"line":82,"column":null}},{"start":{},"end":{}}],"line":81},"12":{"loc":{"start":{"line":85,"column":2},"end":{"line":86,"column":null}},"type":"if","locations":[{"start":{"line":85,"column":2},"end":{"line":86,"column":null}},{"start":{},"end":{}}],"line":85},"13":{"loc":{"start":{"line":85,"column":6},"end":{"line":85,"column":56}},"type":"binary-expr","locations":[{"start":{"line":85,"column":6},"end":{"line":85,"column":35}},{"start":{"line":85,"column":39},"end":{"line":85,"column":56}}],"line":85},"14":{"loc":{"start":{"line":99,"column":2},"end":{"line":99,"column":null}},"type":"if","locations":[{"start":{"line":99,"column":2},"end":{"line":99,"column":null}},{"start":{},"end":{}}],"line":99},"15":{"loc":{"start":{"line":99,"column":6},"end":{"line":99,"column":43}},"type":"binary-expr","locations":[{"start":{"line":99,"column":6},"end":{"line":99,"column":23}},{"start":{"line":99,"column":23},"end":{"line":99,"column":43}}],"line":99},"16":{"loc":{"start":{"line":107,"column":2},"end":{"line":109,"column":null}},"type":"if","locations":[{"start":{"line":107,"column":2},"end":{"line":109,"column":null}},{"start":{},"end":{}}],"line":107},"17":{"loc":{"start":{"line":107,"column":6},"end":{"line":107,"column":45}},"type":"binary-expr","locations":[{"start":{"line":107,"column":6},"end":{"line":107,"column":16}},{"start":{"line":107,"column":16},"end":{"line":107,"column":45}}],"line":107},"18":{"loc":{"start":{"line":113,"column":2},"end":{"line":114,"column":null}},"type":"if","locations":[{"start":{"line":113,"column":2},"end":{"line":114,"column":null}},{"start":{},"end":{}}],"line":113},"19":{"loc":{"start":{"line":113,"column":6},"end":{"line":113,"column":47}},"type":"binary-expr","locations":[{"start":{"line":113,"column":6},"end":{"line":113,"column":17}},{"start":{"line":113,"column":17},"end":{"line":113,"column":47}}],"line":113},"20":{"loc":{"start":{"line":119,"column":2},"end":{"line":120,"column":null}},"type":"if","locations":[{"start":{"line":119,"column":2},"end":{"line":120,"column":null}},{"start":{},"end":{}}],"line":119},"21":{"loc":{"start":{"line":123,"column":2},"end":{"line":124,"column":null}},"type":"if","locations":[{"start":{"line":123,"column":2},"end":{"line":124,"column":null}},{"start":{},"end":{}}],"line":123},"22":{"loc":{"start":{"line":123,"column":6},"end":{"line":123,"column":57}},"type":"binary-expr","locations":[{"start":{"line":123,"column":6},"end":{"line":123,"column":35}},{"start":{"line":123,"column":39},"end":{"line":123,"column":57}}],"line":123},"23":{"loc":{"start":{"line":136,"column":2},"end":{"line":136,"column":null}},"type":"if","locations":[{"start":{"line":136,"column":2},"end":{"line":136,"column":null}},{"start":{},"end":{}}],"line":136},"24":{"loc":{"start":{"line":140,"column":3},"end":{"line":143,"column":null}},"type":"binary-expr","locations":[{"start":{"line":140,"column":3},"end":{"line":140,"column":null}},{"start":{"line":141,"column":3},"end":{"line":141,"column":null}},{"start":{"line":142,"column":3},"end":{"line":142,"column":null}},{"start":{"line":143,"column":3},"end":{"line":143,"column":null}}],"line":140},"25":{"loc":{"start":{"line":145,"column":2},"end":{"line":146,"column":null}},"type":"if","locations":[{"start":{"line":145,"column":2},"end":{"line":146,"column":null}},{"start":{},"end":{}}],"line":145}},"s":{"0":12,"1":12,"2":12,"3":12,"4":12,"5":6,"6":6,"7":0,"8":6,"9":6,"10":6,"11":6,"12":6,"13":6,"14":6,"15":1,"16":6,"17":1,"18":1,"19":1,"20":1,"21":5,"22":5,"23":5,"24":5,"25":5,"26":1,"27":1,"28":0,"29":8,"30":1,"31":7,"32":7,"33":6,"34":7,"35":2,"36":7,"37":8,"38":1,"39":7,"40":13,"41":13,"42":13,"43":6,"44":6,"45":7,"46":7,"47":5,"48":7,"49":6,"50":7,"51":2,"52":7,"53":2,"54":0,"55":2,"56":2,"57":2,"58":1,"59":1},"f":{"0":6,"1":1,"2":5,"3":0,"4":8,"5":8,"6":13,"7":7,"8":2},"b":{"0":[0,6],"1":[6,0],"2":[1,5],"3":[1,5],"4":[6,1],"5":[5,0],"6":[1,4],"7":[5,1],"8":[0,0],"9":[1,7],"10":[8,8],"11":[6,1],"12":[2,5],"13":[7,2],"14":[1,7],"15":[8,8],"16":[6,7],"17":[13,6],"18":[5,2],"19":[7,5],"20":[6,1],"21":[2,5],"22":[7,2],"23":[0,2],"24":[2,1,1,1],"25":[1,1]},"meta":{"lastBranch":26,"lastFunction":9,"lastStatement":60,"seen":{"s:23:45:23:Infinity":0,"s:25:24:25:Infinity":1,"s:26:24:26:Infinity":2,"s:27:32:27:Infinity":3,"s:28:49:28:Infinity":4,"f:30:1:30:21":0,"s:31:2:31:Infinity":5,"b:32:2:32:Infinity:undefined:undefined:undefined:undefined":0,"s:32:2:32:Infinity":6,"s:32:21:32:Infinity":7,"s:34:2:34:Infinity":8,"s:36:18:36:67":9,"b:37:2:38:Infinity:undefined:undefined:undefined:undefined":1,"s:37:2:38:Infinity":10,"s:38:3:38:Infinity":11,"s:41:2:41:Infinity":12,"s:42:2:42:Infinity":13,"b:44:2:45:Infinity:undefined:undefined:undefined:undefined":2,"s:44:2:45:Infinity":14,"s:45:3:45:Infinity":15,"b:48:2:53:Infinity:undefined:undefined:undefined:undefined":3,"s:48:2:53:Infinity":16,"b:48:6:48:35:48:39:48:56":4,"s:49:3:51:Infinity":17,"f:49:8:49:33":1,"s:50:4:50:Infinity":18,"s:51:4:51:Infinity":19,"s:53:3:53:Infinity":20,"f:57:1:57:24":2,"s:58:2:58:Infinity":21,"b:60:2:62:Infinity:undefined:undefined:undefined:undefined":5,"s:60:2:62:Infinity":22,"s:61:3:61:Infinity":23,"s:62:3:62:Infinity":24,"b:65:2:67:Infinity:undefined:undefined:undefined:undefined":6,"s:65:2:67:Infinity":25,"b:65:6:65:31:65:31:65:49":7,"s:66:3:66:Infinity":26,"s:67:3:67:Infinity":27,"f:71:5:71:21":3,"s:72:2:72:Infinity":28,"b:72:9:72:31:72:31:72:Infinity":8,"f:76:1:76:8":4,"b:77:2:77:Infinity:undefined:undefined:undefined:undefined":9,"s:77:2:77:Infinity":29,"b:77:6:77:23:77:23:77:42":10,"s:77:42:77:Infinity":30,"s:79:2:79:Infinity":31,"b:81:2:82:Infinity:undefined:undefined:undefined:undefined":11,"s:81:2:82:Infinity":32,"s:82:3:82:Infinity":33,"b:85:2:86:Infinity:undefined:undefined:undefined:undefined":12,"s:85:2:86:Infinity":34,"b:85:6:85:35:85:39:85:56":13,"s:86:3:86:Infinity":35,"s:89:2:94:Infinity":36,"f:98:1:98:8":5,"b:99:2:99:Infinity:undefined:undefined:undefined:undefined":14,"s:99:2:99:Infinity":37,"b:99:6:99:23:99:23:99:43":15,"s:99:43:99:Infinity":38,"s:100:2:100:Infinity":39,"f:103:1:103:18":6,"s:104:17:104:Infinity":40,"s:106:17:106:47":41,"b:107:2:109:Infinity:undefined:undefined:undefined:undefined":16,"s:107:2:109:Infinity":42,"b:107:6:107:16:107:16:107:45":17,"s:108:3:108:Infinity":43,"s:109:3:109:Infinity":44,"s:112:18:112:50":45,"b:113:2:114:Infinity:undefined:undefined:undefined:undefined":18,"s:113:2:114:Infinity":46,"b:113:6:113:17:113:17:113:47":19,"s:114:3:114:Infinity":47,"f:118:1:118:20":7,"b:119:2:120:Infinity:undefined:undefined:undefined:undefined":20,"s:119:2:120:Infinity":48,"s:120:3:120:Infinity":49,"b:123:2:124:Infinity:undefined:undefined:undefined:undefined":21,"s:123:2:124:Infinity":50,"b:123:6:123:35:123:39:123:57":22,"s:124:3:124:Infinity":51,"s:127:2:132:Infinity":52,"f:135:1:135:26":8,"b:136:2:136:Infinity:undefined:undefined:undefined:undefined":23,"s:136:2:136:Infinity":53,"s:136:21:136:Infinity":54,"s:138:15:138:51":55,"s:140:3:143:Infinity":56,"b:140:3:140:Infinity:141:3:141:Infinity:142:3:142:Infinity:143:3:143:Infinity":24,"b:145:2:146:Infinity:undefined:undefined:undefined:undefined":25,"s:145:2:146:Infinity":57,"s:146:3:146:Infinity":58,"s:151:0:151:Infinity":59}}}
,"/Users/nhall/Sites/pari/src/components/disclosure/disclosure.ts": {"path":"/Users/nhall/Sites/pari/src/components/disclosure/disclosure.ts","statementMap":{"0":{"start":{"line":31,"column":40},"end":{"line":31,"column":null}},"1":{"start":{"line":32,"column":40},"end":{"line":32,"column":null}},"2":{"start":{"line":33,"column":20},"end":{"line":33,"column":null}},"3":{"start":{"line":34,"column":20},"end":{"line":34,"column":null}},"4":{"start":{"line":35,"column":50},"end":{"line":35,"column":null}},"5":{"start":{"line":37,"column":24},"end":{"line":37,"column":null}},"6":{"start":{"line":38,"column":25},"end":{"line":38,"column":null}},"7":{"start":{"line":39,"column":23},"end":{"line":39,"column":null}},"8":{"start":{"line":40,"column":31},"end":{"line":40,"column":null}},"9":{"start":{"line":41,"column":30},"end":{"line":41,"column":null}},"10":{"start":{"line":42,"column":30},"end":{"line":42,"column":null}},"11":{"start":{"line":43,"column":30},"end":{"line":43,"column":null}},"12":{"start":{"line":44,"column":49},"end":{"line":44,"column":null}},"13":{"start":{"line":29,"column":29},"end":{"line":29,"column":null}},"14":{"start":{"line":47,"column":2},"end":{"line":47,"column":null}},"15":{"start":{"line":48,"column":2},"end":{"line":48,"column":null}},"16":{"start":{"line":50,"column":2},"end":{"line":50,"column":null}},"17":{"start":{"line":50,"column":40},"end":{"line":50,"column":null}},"18":{"start":{"line":52,"column":16},"end":{"line":52,"column":42}},"19":{"start":{"line":54,"column":2},"end":{"line":62,"column":null}},"20":{"start":{"line":55,"column":3},"end":{"line":55,"column":null}},"21":{"start":{"line":56,"column":3},"end":{"line":56,"column":null}},"22":{"start":{"line":58,"column":3},"end":{"line":59,"column":null}},"23":{"start":{"line":59,"column":4},"end":{"line":59,"column":null}},"24":{"start":{"line":62,"column":3},"end":{"line":62,"column":null}},"25":{"start":{"line":67,"column":2},"end":{"line":67,"column":null}},"26":{"start":{"line":69,"column":2},"end":{"line":71,"column":null}},"27":{"start":{"line":70,"column":3},"end":{"line":70,"column":null}},"28":{"start":{"line":71,"column":3},"end":{"line":71,"column":null}},"29":{"start":{"line":76,"column":2},"end":{"line":77,"column":null}},"30":{"start":{"line":77,"column":3},"end":{"line":77,"column":null}},"31":{"start":{"line":82,"column":2},"end":{"line":82,"column":null}},"32":{"start":{"line":86,"column":2},"end":{"line":89,"column":null}},"33":{"start":{"line":87,"column":3},"end":{"line":87,"column":null}},"34":{"start":{"line":89,"column":3},"end":{"line":89,"column":null}},"35":{"start":{"line":95,"column":2},"end":{"line":95,"column":null}},"36":{"start":{"line":95,"column":22},"end":{"line":95,"column":null}},"37":{"start":{"line":97,"column":2},"end":{"line":101,"column":null}},"38":{"start":{"line":98,"column":3},"end":{"line":98,"column":null}},"39":{"start":{"line":98,"column":41},"end":{"line":98,"column":null}},"40":{"start":{"line":99,"column":3},"end":{"line":99,"column":null}},"41":{"start":{"line":101,"column":3},"end":{"line":101,"column":null}},"42":{"start":{"line":107,"column":2},"end":{"line":107,"column":null}},"43":{"start":{"line":107,"column":35},"end":{"line":107,"column":null}},"44":{"start":{"line":108,"column":2},"end":{"line":108,"column":null}},"45":{"start":{"line":113,"column":2},"end":{"line":113,"column":null}},"46":{"start":{"line":113,"column":36},"end":{"line":113,"column":null}},"47":{"start":{"line":114,"column":2},"end":{"line":114,"column":null}},"48":{"start":{"line":116,"column":2},"end":{"line":117,"column":null}},"49":{"start":{"line":117,"column":3},"end":{"line":117,"column":null}},"50":{"start":{"line":122,"column":2},"end":{"line":122,"column":null}},"51":{"start":{"line":122,"column":57},"end":{"line":122,"column":null}},"52":{"start":{"line":123,"column":2},"end":{"line":123,"column":null}},"53":{"start":{"line":125,"column":2},"end":{"line":126,"column":null}},"54":{"start":{"line":126,"column":3},"end":{"line":126,"column":null}},"55":{"start":{"line":129,"column":2},"end":{"line":129,"column":null}},"56":{"start":{"line":130,"column":2},"end":{"line":130,"column":null}},"57":{"start":{"line":132,"column":2},"end":{"line":133,"column":null}},"58":{"start":{"line":133,"column":3},"end":{"line":133,"column":null}},"59":{"start":{"line":136,"column":2},"end":{"line":137,"column":null}},"60":{"start":{"line":137,"column":3},"end":{"line":137,"column":null}},"61":{"start":{"line":140,"column":2},"end":{"line":145,"column":null}},"62":{"start":{"line":141,"column":3},"end":{"line":143,"column":null}},"63":{"start":{"line":142,"column":4},"end":{"line":142,"column":null}},"64":{"start":{"line":143,"column":4},"end":{"line":143,"column":null}},"65":{"start":{"line":145,"column":3},"end":{"line":145,"column":null}},"66":{"start":{"line":148,"column":2},"end":{"line":148,"column":null}},"67":{"start":{"line":149,"column":2},"end":{"line":149,"column":null}},"68":{"start":{"line":150,"column":2},"end":{"line":150,"column":null}},"69":{"start":{"line":154,"column":2},"end":{"line":154,"column":null}},"70":{"start":{"line":154,"column":22},"end":{"line":154,"column":null}},"71":{"start":{"line":156,"column":2},"end":{"line":157,"column":null}},"72":{"start":{"line":157,"column":3},"end":{"line":157,"column":null}},"73":{"start":{"line":160,"column":2},"end":{"line":160,"column":null}},"74":{"start":{"line":161,"column":2},"end":{"line":161,"column":null}},"75":{"start":{"line":162,"column":2},"end":{"line":162,"column":null}},"76":{"start":{"line":164,"column":2},"end":{"line":164,"column":null}},"77":{"start":{"line":166,"column":2},"end":{"line":167,"column":null}},"78":{"start":{"line":167,"column":3},"end":{"line":167,"column":null}},"79":{"start":{"line":170,"column":2},"end":{"line":171,"column":null}},"80":{"start":{"line":171,"column":3},"end":{"line":171,"column":null}},"81":{"start":{"line":174,"column":2},"end":{"line":176,"column":null}},"82":{"start":{"line":175,"column":3},"end":{"line":175,"column":null}},"83":{"start":{"line":176,"column":3},"end":{"line":176,"column":null}},"84":{"start":{"line":179,"column":2},"end":{"line":179,"column":null}},"85":{"start":{"line":183,"column":2},"end":{"line":183,"column":null}},"86":{"start":{"line":183,"column":40},"end":{"line":183,"column":null}},"87":{"start":{"line":185,"column":17},"end":{"line":185,"column":null}},"88":{"start":{"line":187,"column":2},"end":{"line":187,"column":null}},"89":{"start":{"line":189,"column":2},"end":{"line":195,"column":null}},"90":{"start":{"line":190,"column":3},"end":{"line":190,"column":null}},"91":{"start":{"line":191,"column":3},"end":{"line":191,"column":null}},"92":{"start":{"line":193,"column":17},"end":{"line":193,"column":null}},"93":{"start":{"line":194,"column":3},"end":{"line":194,"column":null}},"94":{"start":{"line":195,"column":3},"end":{"line":195,"column":null}},"95":{"start":{"line":198,"column":2},"end":{"line":202,"column":null}},"96":{"start":{"line":199,"column":3},"end":{"line":199,"column":null}},"97":{"start":{"line":201,"column":3},"end":{"line":202,"column":null}},"98":{"start":{"line":202,"column":4},"end":{"line":202,"column":null}},"99":{"start":{"line":208,"column":2},"end":{"line":208,"column":null}},"100":{"start":{"line":208,"column":39},"end":{"line":208,"column":null}},"101":{"start":{"line":210,"column":2},"end":{"line":210,"column":null}},"102":{"start":{"line":211,"column":2},"end":{"line":211,"column":null}},"103":{"start":{"line":212,"column":2},"end":{"line":212,"column":null}},"104":{"start":{"line":216,"column":2},"end":{"line":216,"column":null}},"105":{"start":{"line":217,"column":2},"end":{"line":217,"column":null}},"106":{"start":{"line":218,"column":2},"end":{"line":218,"column":null}},"107":{"start":{"line":222,"column":2},"end":{"line":227,"column":null}},"108":{"start":{"line":235,"column":13},"end":{"line":235,"column":54}},"109":{"start":{"line":237,"column":2},"end":{"line":237,"column":null}},"110":{"start":{"line":237,"column":11},"end":{"line":237,"column":null}},"111":{"start":{"line":238,"column":2},"end":{"line":238,"column":null}},"112":{"start":{"line":238,"column":46},"end":{"line":238,"column":null}},"113":{"start":{"line":240,"column":2},"end":{"line":240,"column":null}},"114":{"start":{"line":244,"column":17},"end":{"line":244,"column":null}},"115":{"start":{"line":246,"column":17},"end":{"line":246,"column":47}},"116":{"start":{"line":248,"column":2},"end":{"line":250,"column":null}},"117":{"start":{"line":249,"column":3},"end":{"line":249,"column":null}},"118":{"start":{"line":250,"column":3},"end":{"line":250,"column":null}},"119":{"start":{"line":253,"column":18},"end":{"line":253,"column":50}},"120":{"start":{"line":255,"column":2},"end":{"line":256,"column":null}},"121":{"start":{"line":256,"column":3},"end":{"line":256,"column":null}},"122":{"start":{"line":261,"column":2},"end":{"line":261,"column":null}},"123":{"start":{"line":261,"column":30},"end":{"line":261,"column":null}},"124":{"start":{"line":262,"column":2},"end":{"line":262,"column":null}},"125":{"start":{"line":266,"column":2},"end":{"line":266,"column":null}},"126":{"start":{"line":266,"column":29},"end":{"line":266,"column":45}},"127":{"start":{"line":270,"column":2},"end":{"line":270,"column":null}},"128":{"start":{"line":270,"column":43},"end":{"line":270,"column":null}},"129":{"start":{"line":271,"column":2},"end":{"line":271,"column":null}},"130":{"start":{"line":275,"column":2},"end":{"line":275,"column":null}},"131":{"start":{"line":279,"column":2},"end":{"line":282,"column":null}},"132":{"start":{"line":280,"column":3},"end":{"line":280,"column":null}},"133":{"start":{"line":282,"column":3},"end":{"line":282,"column":null}},"134":{"start":{"line":287,"column":17},"end":{"line":287,"column":null}},"135":{"start":{"line":289,"column":2},"end":{"line":289,"column":null}},"136":{"start":{"line":289,"column":38},"end":{"line":289,"column":null}},"137":{"start":{"line":291,"column":16},"end":{"line":292,"column":null}},"138":{"start":{"line":295,"column":2},"end":{"line":299,"column":null}},"139":{"start":{"line":303,"column":0},"end":{"line":303,"column":null}}},"fnMap":{"0":{"name":"(anonymous_0)","decl":{"start":{"line":46,"column":1},"end":{"line":46,"column":21}},"loc":{"start":{"line":46,"column":21},"end":{"line":62,"column":null}},"line":46},"1":{"name":"(anonymous_1)","decl":{"start":{"line":66,"column":1},"end":{"line":66,"column":24}},"loc":{"start":{"line":66,"column":24},"end":{"line":71,"column":null}},"line":66},"2":{"name":"(anonymous_2)","decl":{"start":{"line":75,"column":1},"end":{"line":75,"column":26}},"loc":{"start":{"line":75,"column":40},"end":{"line":77,"column":null}},"line":75},"3":{"name":"(anonymous_3)","decl":{"start":{"line":81,"column":5},"end":{"line":81,"column":21}},"loc":{"start":{"line":81,"column":21},"end":{"line":82,"column":null}},"line":81},"4":{"name":"(anonymous_4)","decl":{"start":{"line":85,"column":5},"end":{"line":85,"column":10}},"loc":{"start":{"line":85,"column":26},"end":{"line":89,"column":null}},"line":85},"5":{"name":"(anonymous_5)","decl":{"start":{"line":94,"column":1},"end":{"line":94,"column":10}},"loc":{"start":{"line":94,"column":10},"end":{"line":101,"column":null}},"line":94},"6":{"name":"(anonymous_6)","decl":{"start":{"line":106,"column":1},"end":{"line":106,"column":8}},"loc":{"start":{"line":106,"column":8},"end":{"line":108,"column":null}},"line":106},"7":{"name":"(anonymous_7)","decl":{"start":{"line":112,"column":1},"end":{"line":112,"column":6}},"loc":{"start":{"line":112,"column":27},"end":{"line":117,"column":null}},"line":112},"8":{"name":"(anonymous_8)","decl":{"start":{"line":121,"column":1},"end":{"line":121,"column":19}},"loc":{"start":{"line":121,"column":19},"end":{"line":150,"column":null}},"line":121},"9":{"name":"(anonymous_9)","decl":{"start":{"line":141,"column":8},"end":{"line":141,"column":33}},"loc":{"start":{"line":141,"column":33},"end":{"line":143,"column":null}},"line":141},"10":{"name":"(anonymous_10)","decl":{"start":{"line":153,"column":1},"end":{"line":153,"column":20}},"loc":{"start":{"line":153,"column":20},"end":{"line":179,"column":null}},"line":153},"11":{"name":"(anonymous_11)","decl":{"start":{"line":182,"column":1},"end":{"line":182,"column":17}},"loc":{"start":{"line":182,"column":17},"end":{"line":202,"column":null}},"line":182},"12":{"name":"(anonymous_12)","decl":{"start":{"line":207,"column":1},"end":{"line":207,"column":23}},"loc":{"start":{"line":207,"column":23},"end":{"line":212,"column":null}},"line":207},"13":{"name":"(anonymous_13)","decl":{"start":{"line":215,"column":1},"end":{"line":215,"column":25}},"loc":{"start":{"line":215,"column":25},"end":{"line":218,"column":null}},"line":215},"14":{"name":"(anonymous_14)","decl":{"start":{"line":221,"column":1},"end":{"line":221,"column":19}},"loc":{"start":{"line":221,"column":35},"end":{"line":227,"column":null}},"line":221},"15":{"name":"(anonymous_15)","decl":{"start":{"line":234,"column":1},"end":{"line":234,"column":19}},"loc":{"start":{"line":234,"column":57},"end":{"line":240,"column":null}},"line":234},"16":{"name":"(anonymous_16)","decl":{"start":{"line":243,"column":1},"end":{"line":243,"column":18}},"loc":{"start":{"line":243,"column":32},"end":{"line":256,"column":null}},"line":243},"17":{"name":"(anonymous_17)","decl":{"start":{"line":260,"column":1},"end":{"line":260,"column":19}},"loc":{"start":{"line":260,"column":41},"end":{"line":262,"column":null}},"line":260},"18":{"name":"(anonymous_18)","decl":{"start":{"line":265,"column":1},"end":{"line":265,"column":19}},"loc":{"start":{"line":265,"column":19},"end":{"line":266,"column":null}},"line":265},"19":{"name":"(anonymous_19)","decl":{"start":{"line":266,"column":17},"end":{"line":266,"column":29}},"loc":{"start":{"line":266,"column":29},"end":{"line":266,"column":45}},"line":266},"20":{"name":"(anonymous_20)","decl":{"start":{"line":269,"column":1},"end":{"line":269,"column":25}},"loc":{"start":{"line":269,"column":44},"end":{"line":271,"column":null}},"line":269},"21":{"name":"(anonymous_21)","decl":{"start":{"line":274,"column":1},"end":{"line":274,"column":26}},"loc":{"start":{"line":274,"column":26},"end":{"line":275,"column":null}},"line":274},"22":{"name":"(anonymous_22)","decl":{"start":{"line":278,"column":1},"end":{"line":278,"column":24}},"loc":{"start":{"line":278,"column":52},"end":{"line":282,"column":null}},"line":278},"23":{"name":"(anonymous_23)","decl":{"start":{"line":286,"column":1},"end":{"line":286,"column":24}},"loc":{"start":{"line":286,"column":46},"end":{"line":299,"column":null}},"line":286}},"branchMap":{"0":{"loc":{"start":{"line":50,"column":2},"end":{"line":50,"column":null}},"type":"if","locations":[{"start":{"line":50,"column":2},"end":{"line":50,"column":null}},{"start":{},"end":{}}],"line":50},"1":{"loc":{"start":{"line":50,"column":6},"end":{"line":50,"column":40}},"type":"binary-expr","locations":[{"start":{"line":50,"column":6},"end":{"line":50,"column":24}},{"start":{"line":50,"column":24},"end":{"line":50,"column":40}}],"line":50},"2":{"loc":{"start":{"line":54,"column":2},"end":{"line":62,"column":null}},"type":"if","locations":[{"start":{"line":54,"column":2},"end":{"line":62,"column":null}},{"start":{"line":61,"column":9},"end":{"line":62,"column":null}}],"line":54},"3":{"loc":{"start":{"line":58,"column":3},"end":{"line":59,"column":null}},"type":"if","locations":[{"start":{"line":58,"column":3},"end":{"line":59,"column":null}},{"start":{},"end":{}}],"line":58},"4":{"loc":{"start":{"line":69,"column":2},"end":{"line":71,"column":null}},"type":"if","locations":[{"start":{"line":69,"column":2},"end":{"line":71,"column":null}},{"start":{},"end":{}}],"line":69},"5":{"loc":{"start":{"line":76,"column":2},"end":{"line":77,"column":null}},"type":"if","locations":[{"start":{"line":76,"column":2},"end":{"line":77,"column":null}},{"start":{},"end":{}}],"line":76},"6":{"loc":{"start":{"line":76,"column":6},"end":{"line":76,"column":58}},"type":"binary-expr","locations":[{"start":{"line":76,"column":6},"end":{"line":76,"column":25}},{"start":{"line":76,"column":25},"end":{"line":76,"column":42}},{"start":{"line":76,"column":42},"end":{"line":76,"column":58}}],"line":76},"7":{"loc":{"start":{"line":86,"column":2},"end":{"line":89,"column":null}},"type":"if","locations":[{"start":{"line":86,"column":2},"end":{"line":89,"column":null}},{"start":{"line":88,"column":9},"end":{"line":89,"column":null}}],"line":86},"8":{"loc":{"start":{"line":95,"column":2},"end":{"line":95,"column":null}},"type":"if","locations":[{"start":{"line":95,"column":2},"end":{"line":95,"column":null}},{"start":{},"end":{}}],"line":95},"9":{"loc":{"start":{"line":97,"column":2},"end":{"line":101,"column":null}},"type":"if","locations":[{"start":{"line":97,"column":2},"end":{"line":101,"column":null}},{"start":{"line":100,"column":9},"end":{"line":101,"column":null}}],"line":97},"10":{"loc":{"start":{"line":98,"column":3},"end":{"line":98,"column":null}},"type":"if","locations":[{"start":{"line":98,"column":3},"end":{"line":98,"column":null}},{"start":{},"end":{}}],"line":98},"11":{"loc":{"start":{"line":107,"column":2},"end":{"line":107,"column":null}},"type":"if","locations":[{"start":{"line":107,"column":2},"end":{"line":107,"column":null}},{"start":{},"end":{}}],"line":107},"12":{"loc":{"start":{"line":107,"column":6},"end":{"line":107,"column":35}},"type":"binary-expr","locations":[{"start":{"line":107,"column":6},"end":{"line":107,"column":24}},{"start":{"line":107,"column":24},"end":{"line":107,"column":35}}],"line":107},"13":{"loc":{"start":{"line":112,"column":6},"end":{"line":112,"column":27}},"type":"default-arg","locations":[{"start":{"line":112,"column":21},"end":{"line":112,"column":27}}],"line":112},"14":{"loc":{"start":{"line":113,"column":2},"end":{"line":113,"column":null}},"type":"if","locations":[{"start":{"line":113,"column":2},"end":{"line":113,"column":null}},{"start":{},"end":{}}],"line":113},"15":{"loc":{"start":{"line":113,"column":6},"end":{"line":113,"column":36}},"type":"binary-expr","locations":[{"start":{"line":113,"column":6},"end":{"line":113,"column":24}},{"start":{"line":113,"column":24},"end":{"line":113,"column":36}}],"line":113},"16":{"loc":{"start":{"line":116,"column":2},"end":{"line":117,"column":null}},"type":"if","locations":[{"start":{"line":116,"column":2},"end":{"line":117,"column":null}},{"start":{},"end":{}}],"line":116},"17":{"loc":{"start":{"line":116,"column":6},"end":{"line":116,"column":37}},"type":"binary-expr","locations":[{"start":{"line":116,"column":6},"end":{"line":116,"column":22}},{"start":{"line":116,"column":22},"end":{"line":116,"column":37}}],"line":116},"18":{"loc":{"start":{"line":122,"column":2},"end":{"line":122,"column":null}},"type":"if","locations":[{"start":{"line":122,"column":2},"end":{"line":122,"column":null}},{"start":{},"end":{}}],"line":122},"19":{"loc":{"start":{"line":122,"column":6},"end":{"line":122,"column":57}},"type":"binary-expr","locations":[{"start":{"line":122,"column":6},"end":{"line":122,"column":23}},{"start":{"line":122,"column":23},"end":{"line":122,"column":41}},{"start":{"line":122,"column":41},"end":{"line":122,"column":57}}],"line":122},"20":{"loc":{"start":{"line":125,"column":2},"end":{"line":126,"column":null}},"type":"if","locations":[{"start":{"line":125,"column":2},"end":{"line":126,"column":null}},{"start":{},"end":{}}],"line":125},"21":{"loc":{"start":{"line":132,"column":2},"end":{"line":133,"column":null}},"type":"if","locations":[{"start":{"line":132,"column":2},"end":{"line":133,"column":null}},{"start":{},"end":{}}],"line":132},"22":{"loc":{"start":{"line":136,"column":2},"end":{"line":137,"column":null}},"type":"if","locations":[{"start":{"line":136,"column":2},"end":{"line":137,"column":null}},{"start":{},"end":{}}],"line":136},"23":{"loc":{"start":{"line":136,"column":6},"end":{"line":136,"column":65}},"type":"binary-expr","locations":[{"start":{"line":136,"column":6},"end":{"line":136,"column":46}},{"start":{"line":136,"column":50},"end":{"line":136,"column":65}}],"line":136},"24":{"loc":{"start":{"line":140,"column":2},"end":{"line":145,"column":null}},"type":"if","locations":[{"start":{"line":140,"column":2},"end":{"line":145,"column":null}},{"start":{},"end":{}}],"line":140},"25":{"loc":{"start":{"line":154,"column":2},"end":{"line":154,"column":null}},"type":"if","locations":[{"start":{"line":154,"column":2},"end":{"line":154,"column":null}},{"start":{},"end":{}}],"line":154},"26":{"loc":{"start":{"line":156,"column":2},"end":{"line":157,"column":null}},"type":"if","locations":[{"start":{"line":156,"column":2},"end":{"line":157,"column":null}},{"start":{},"end":{}}],"line":156},"27":{"loc":{"start":{"line":166,"column":2},"end":{"line":167,"column":null}},"type":"if","locations":[{"start":{"line":166,"column":2},"end":{"line":167,"column":null}},{"start":{},"end":{}}],"line":166},"28":{"loc":{"start":{"line":166,"column":6},"end":{"line":166,"column":64}},"type":"binary-expr","locations":[{"start":{"line":166,"column":6},"end":{"line":166,"column":45}},{"start":{"line":166,"column":49},"end":{"line":166,"column":64}}],"line":166},"29":{"loc":{"start":{"line":170,"column":2},"end":{"line":171,"column":null}},"type":"if","locations":[{"start":{"line":170,"column":2},"end":{"line":171,"column":null}},{"start":{},"end":{}}],"line":170},"30":{"loc":{"start":{"line":170,"column":6},"end":{"line":170,"column":65}},"type":"binary-expr","locations":[{"start":{"line":170,"column":6},"end":{"line":170,"column":46}},{"start":{"line":170,"column":50},"end":{"line":170,"column":65}}],"line":170},"31":{"loc":{"start":{"line":174,"column":2},"end":{"line":176,"column":null}},"type":"if","locations":[{"start":{"line":174,"column":2},"end":{"line":176,"column":null}},{"start":{},"end":{}}],"line":174},"32":{"loc":{"start":{"line":174,"column":6},"end":{"line":174,"column":46}},"type":"binary-expr","locations":[{"start":{"line":174,"column":6},"end":{"line":174,"column":31}},{"start":{"line":174,"column":31},"end":{"line":174,"column":46}}],"line":174},"33":{"loc":{"start":{"line":183,"column":2},"end":{"line":183,"column":null}},"type":"if","locations":[{"start":{"line":183,"column":2},"end":{"line":183,"column":null}},{"start":{},"end":{}}],"line":183},"34":{"loc":{"start":{"line":183,"column":6},"end":{"line":183,"column":40}},"type":"binary-expr","locations":[{"start":{"line":183,"column":6},"end":{"line":183,"column":24}},{"start":{"line":183,"column":24},"end":{"line":183,"column":40}}],"line":183},"35":{"loc":{"start":{"line":189,"column":2},"end":{"line":195,"column":null}},"type":"if","locations":[{"start":{"line":189,"column":2},"end":{"line":195,"column":null}},{"start":{"line":192,"column":9},"end":{"line":195,"column":null}}],"line":189},"36":{"loc":{"start":{"line":193,"column":17},"end":{"line":193,"column":null}},"type":"cond-expr","locations":[{"start":{"line":193,"column":59},"end":{"line":193,"column":75}},{"start":{"line":193,"column":75},"end":{"line":193,"column":null}}],"line":193},"37":{"loc":{"start":{"line":198,"column":2},"end":{"line":202,"column":null}},"type":"if","locations":[{"start":{"line":198,"column":2},"end":{"line":202,"column":null}},{"start":{},"end":{}}],"line":198},"38":{"loc":{"start":{"line":199,"column":18},"end":{"line":199,"column":44}},"type":"cond-expr","locations":[{"start":{"line":199,"column":27},"end":{"line":199,"column":36}},{"start":{"line":199,"column":36},"end":{"line":199,"column":44}}],"line":199},"39":{"loc":{"start":{"line":201,"column":3},"end":{"line":202,"column":null}},"type":"if","locations":[{"start":{"line":201,"column":3},"end":{"line":202,"column":null}},{"start":{},"end":{}}],"line":201},"40":{"loc":{"start":{"line":201,"column":7},"end":{"line":201,"column":55}},"type":"binary-expr","locations":[{"start":{"line":201,"column":7},"end":{"line":201,"column":36}},{"start":{"line":201,"column":40},"end":{"line":201,"column":55}}],"line":201},"41":{"loc":{"start":{"line":208,"column":2},"end":{"line":208,"column":null}},"type":"if","locations":[{"start":{"line":208,"column":2},"end":{"line":208,"column":null}},{"start":{},"end":{}}],"line":208},"42":{"loc":{"start":{"line":237,"column":2},"end":{"line":237,"column":null}},"type":"if","locations":[{"start":{"line":237,"column":2},"end":{"line":237,"column":null}},{"start":{},"end":{}}],"line":237},"43":{"loc":{"start":{"line":238,"column":2},"end":{"line":238,"column":null}},"type":"if","locations":[{"start":{"line":238,"column":2},"end":{"line":238,"column":null}},{"start":{},"end":{}}],"line":238},"44":{"loc":{"start":{"line":248,"column":2},"end":{"line":250,"column":null}},"type":"if","locations":[{"start":{"line":248,"column":2},"end":{"line":250,"column":null}},{"start":{},"end":{}}],"line":248},"45":{"loc":{"start":{"line":248,"column":6},"end":{"line":248,"column":45}},"type":"binary-expr","locations":[{"start":{"line":248,"column":6},"end":{"line":248,"column":16}},{"start":{"line":248,"column":16},"end":{"line":248,"column":45}}],"line":248},"46":{"loc":{"start":{"line":255,"column":2},"end":{"line":256,"column":null}},"type":"if","locations":[{"start":{"line":255,"column":2},"end":{"line":256,"column":null}},{"start":{},"end":{}}],"line":255},"47":{"loc":{"start":{"line":255,"column":6},"end":{"line":255,"column":44}},"type":"binary-expr","locations":[{"start":{"line":255,"column":6},"end":{"line":255,"column":17}},{"start":{"line":255,"column":17},"end":{"line":255,"column":44}}],"line":255},"48":{"loc":{"start":{"line":261,"column":2},"end":{"line":261,"column":null}},"type":"if","locations":[{"start":{"line":261,"column":2},"end":{"line":261,"column":null}},{"start":{},"end":{}}],"line":261},"49":{"loc":{"start":{"line":270,"column":2},"end":{"line":270,"column":null}},"type":"if","locations":[{"start":{"line":270,"column":2},"end":{"line":270,"column":null}},{"start":{},"end":{}}],"line":270},"50":{"loc":{"start":{"line":279,"column":2},"end":{"line":282,"column":null}},"type":"if","locations":[{"start":{"line":279,"column":2},"end":{"line":282,"column":null}},{"start":{"line":281,"column":9},"end":{"line":282,"column":null}}],"line":279},"51":{"loc":{"start":{"line":289,"column":2},"end":{"line":289,"column":null}},"type":"if","locations":[{"start":{"line":289,"column":2},"end":{"line":289,"column":null}},{"start":{},"end":{}}],"line":289}},"s":{"0":54,"1":54,"2":54,"3":54,"4":54,"5":54,"6":54,"7":54,"8":54,"9":54,"10":54,"11":54,"12":54,"13":3,"14":30,"15":30,"16":30,"17":0,"18":30,"19":30,"20":1,"21":1,"22":1,"23":0,"24":29,"25":23,"26":23,"27":1,"28":1,"29":51,"30":41,"31":200,"32":41,"33":23,"34":18,"35":20,"36":0,"37":20,"38":6,"39":2,"40":4,"41":14,"42":9,"43":0,"44":9,"45":14,"46":0,"47":14,"48":14,"49":2,"50":29,"51":0,"52":29,"53":29,"54":25,"55":29,"56":29,"57":29,"58":1,"59":29,"60":1,"61":29,"62":1,"63":1,"64":1,"65":1,"66":29,"67":29,"68":29,"69":23,"70":1,"71":22,"72":9,"73":22,"74":23,"75":23,"76":23,"77":23,"78":1,"79":22,"80":1,"81":22,"82":1,"83":1,"84":22,"85":70,"86":0,"87":70,"88":70,"89":70,"90":28,"91":28,"92":42,"93":42,"94":42,"95":70,"96":41,"97":41,"98":4,"99":28,"100":18,"101":10,"102":10,"103":10,"104":51,"105":51,"106":51,"107":41,"108":60,"109":60,"110":0,"111":60,"112":0,"113":60,"114":21,"115":21,"116":21,"117":1,"118":1,"119":20,"120":20,"121":20,"122":7,"123":6,"124":1,"125":10,"126":1,"127":9,"128":8,"129":1,"130":0,"131":0,"132":0,"133":0,"134":6,"135":6,"136":0,"137":6,"138":6,"139":3},"f":{"0":30,"1":23,"2":51,"3":200,"4":41,"5":20,"6":9,"7":14,"8":29,"9":1,"10":23,"11":70,"12":28,"13":51,"14":41,"15":60,"16":21,"17":7,"18":10,"19":1,"20":9,"21":0,"22":0,"23":6},"b":{"0":[0,30],"1":[30,30],"2":[1,29],"3":[0,1],"4":[1,22],"5":[41,10],"6":[51,51,41],"7":[23,18],"8":[0,20],"9":[6,14],"10":[2,4],"11":[0,9],"12":[9,9],"13":[14],"14":[0,14],"15":[14,14],"16":[2,12],"17":[14,2],"18":[0,29],"19":[29,29,29],"20":[25,4],"21":[1,28],"22":[1,28],"23":[29,1],"24":[1,28],"25":[1,22],"26":[9,13],"27":[1,22],"28":[23,1],"29":[1,21],"30":[22,1],"31":[1,21],"32":[22,1],"33":[0,70],"34":[70,70],"35":[28,42],"36":[2,40],"37":[41,29],"38":[23,18],"39":[4,37],"40":[41,4],"41":[18,10],"42":[0,60],"43":[0,60],"44":[1,20],"45":[21,1],"46":[20,0],"47":[20,20],"48":[6,1],"49":[8,1],"50":[0,0],"51":[0,6]},"meta":{"lastBranch":52,"lastFunction":24,"lastStatement":140,"seen":{"s:31:40:31:Infinity":0,"s:32:40:32:Infinity":1,"s:33:20:33:Infinity":2,"s:34:20:34:Infinity":3,"s:35:50:35:Infinity":4,"s:37:24:37:Infinity":5,"s:38:25:38:Infinity":6,"s:39:23:39:Infinity":7,"s:40:31:40:Infinity":8,"s:41:30:41:Infinity":9,"s:42:30:42:Infinity":10,"s:43:30:43:Infinity":11,"s:44:49:44:Infinity":12,"s:29:29:29:Infinity":13,"f:46:1:46:21":0,"s:47:2:47:Infinity":14,"s:48:2:48:Infinity":15,"b:50:2:50:Infinity:undefined:undefined:undefined:undefined":0,"s:50:2:50:Infinity":16,"b:50:6:50:24:50:24:50:40":1,"s:50:40:50:Infinity":17,"s:52:16:52:42":18,"b:54:2:62:Infinity:61:9:62:Infinity":2,"s:54:2:62:Infinity":19,"s:55:3:55:Infinity":20,"s:56:3:56:Infinity":21,"b:58:3:59:Infinity:undefined:undefined:undefined:undefined":3,"s:58:3:59:Infinity":22,"s:59:4:59:Infinity":23,"s:62:3:62:Infinity":24,"f:66:1:66:24":1,"s:67:2:67:Infinity":25,"b:69:2:71:Infinity:undefined:undefined:undefined:undefined":4,"s:69:2:71:Infinity":26,"s:70:3:70:Infinity":27,"s:71:3:71:Infinity":28,"f:75:1:75:26":2,"b:76:2:77:Infinity:undefined:undefined:undefined:undefined":5,"s:76:2:77:Infinity":29,"b:76:6:76:25:76:25:76:42:76:42:76:58":6,"s:77:3:77:Infinity":30,"f:81:5:81:21":3,"s:82:2:82:Infinity":31,"f:85:5:85:10":4,"b:86:2:89:Infinity:88:9:89:Infinity":7,"s:86:2:89:Infinity":32,"s:87:3:87:Infinity":33,"s:89:3:89:Infinity":34,"f:94:1:94:10":5,"b:95:2:95:Infinity:undefined:undefined:undefined:undefined":8,"s:95:2:95:Infinity":35,"s:95:22:95:Infinity":36,"b:97:2:101:Infinity:100:9:101:Infinity":9,"s:97:2:101:Infinity":37,"b:98:3:98:Infinity:undefined:undefined:undefined:undefined":10,"s:98:3:98:Infinity":38,"s:98:41:98:Infinity":39,"s:99:3:99:Infinity":40,"s:101:3:101:Infinity":41,"f:106:1:106:8":6,"b:107:2:107:Infinity:undefined:undefined:undefined:undefined":11,"s:107:2:107:Infinity":42,"b:107:6:107:24:107:24:107:35":12,"s:107:35:107:Infinity":43,"s:108:2:108:Infinity":44,"f:112:1:112:6":7,"b:112:21:112:27":13,"b:113:2:113:Infinity:undefined:undefined:undefined:undefined":14,"s:113:2:113:Infinity":45,"b:113:6:113:24:113:24:113:36":15,"s:113:36:113:Infinity":46,"s:114:2:114:Infinity":47,"b:116:2:117:Infinity:undefined:undefined:undefined:undefined":16,"s:116:2:117:Infinity":48,"b:116:6:116:22:116:22:116:37":17,"s:117:3:117:Infinity":49,"f:121:1:121:19":8,"b:122:2:122:Infinity:undefined:undefined:undefined:undefined":18,"s:122:2:122:Infinity":50,"b:122:6:122:23:122:23:122:41:122:41:122:57":19,"s:122:57:122:Infinity":51,"s:123:2:123:Infinity":52,"b:125:2:126:Infinity:undefined:undefined:undefined:undefined":20,"s:125:2:126:Infinity":53,"s:126:3:126:Infinity":54,"s:129:2:129:Infinity":55,"s:130:2:130:Infinity":56,"b:132:2:133:Infinity:undefined:undefined:undefined:undefined":21,"s:132:2:133:Infinity":57,"s:133:3:133:Infinity":58,"b:136:2:137:Infinity:undefined:undefined:undefined:undefined":22,"s:136:2:137:Infinity":59,"b:136:6:136:46:136:50:136:65":23,"s:137:3:137:Infinity":60,"b:140:2:145:Infinity:undefined:undefined:undefined:undefined":24,"s:140:2:145:Infinity":61,"s:141:3:143:Infinity":62,"f:141:8:141:33":9,"s:142:4:142:Infinity":63,"s:143:4:143:Infinity":64,"s:145:3:145:Infinity":65,"s:148:2:148:Infinity":66,"s:149:2:149:Infinity":67,"s:150:2:150:Infinity":68,"f:153:1:153:20":10,"b:154:2:154:Infinity:undefined:undefined:undefined:undefined":25,"s:154:2:154:Infinity":69,"s:154:22:154:Infinity":70,"b:156:2:157:Infinity:undefined:undefined:undefined:undefined":26,"s:156:2:157:Infinity":71,"s:157:3:157:Infinity":72,"s:160:2:160:Infinity":73,"s:161:2:161:Infinity":74,"s:162:2:162:Infinity":75,"s:164:2:164:Infinity":76,"b:166:2:167:Infinity:undefined:undefined:undefined:undefined":27,"s:166:2:167:Infinity":77,"b:166:6:166:45:166:49:166:64":28,"s:167:3:167:Infinity":78,"b:170:2:171:Infinity:undefined:undefined:undefined:undefined":29,"s:170:2:171:Infinity":79,"b:170:6:170:46:170:50:170:65":30,"s:171:3:171:Infinity":80,"b:174:2:176:Infinity:undefined:undefined:undefined:undefined":31,"s:174:2:176:Infinity":81,"b:174:6:174:31:174:31:174:46":32,"s:175:3:175:Infinity":82,"s:176:3:176:Infinity":83,"s:179:2:179:Infinity":84,"f:182:1:182:17":11,"b:183:2:183:Infinity:undefined:undefined:undefined:undefined":33,"s:183:2:183:Infinity":85,"b:183:6:183:24:183:24:183:40":34,"s:183:40:183:Infinity":86,"s:185:17:185:Infinity":87,"s:187:2:187:Infinity":88,"b:189:2:195:Infinity:192:9:195:Infinity":35,"s:189:2:195:Infinity":89,"s:190:3:190:Infinity":90,"s:191:3:191:Infinity":91,"s:193:17:193:Infinity":92,"b:193:59:193:75:193:75:193:Infinity":36,"s:194:3:194:Infinity":93,"s:195:3:195:Infinity":94,"b:198:2:202:Infinity:undefined:undefined:undefined:undefined":37,"s:198:2:202:Infinity":95,"s:199:3:199:Infinity":96,"b:199:27:199:36:199:36:199:44":38,"b:201:3:202:Infinity:undefined:undefined:undefined:undefined":39,"s:201:3:202:Infinity":97,"b:201:7:201:36:201:40:201:55":40,"s:202:4:202:Infinity":98,"f:207:1:207:23":12,"b:208:2:208:Infinity:undefined:undefined:undefined:undefined":41,"s:208:2:208:Infinity":99,"s:208:39:208:Infinity":100,"s:210:2:210:Infinity":101,"s:211:2:211:Infinity":102,"s:212:2:212:Infinity":103,"f:215:1:215:25":13,"s:216:2:216:Infinity":104,"s:217:2:217:Infinity":105,"s:218:2:218:Infinity":106,"f:221:1:221:19":14,"s:222:2:227:Infinity":107,"f:234:1:234:19":15,"s:235:13:235:54":108,"b:237:2:237:Infinity:undefined:undefined:undefined:undefined":42,"s:237:2:237:Infinity":109,"s:237:11:237:Infinity":110,"b:238:2:238:Infinity:undefined:undefined:undefined:undefined":43,"s:238:2:238:Infinity":111,"s:238:46:238:Infinity":112,"s:240:2:240:Infinity":113,"f:243:1:243:18":16,"s:244:17:244:Infinity":114,"s:246:17:246:47":115,"b:248:2:250:Infinity:undefined:undefined:undefined:undefined":44,"s:248:2:250:Infinity":116,"b:248:6:248:16:248:16:248:45":45,"s:249:3:249:Infinity":117,"s:250:3:250:Infinity":118,"s:253:18:253:50":119,"b:255:2:256:Infinity:undefined:undefined:undefined:undefined":46,"s:255:2:256:Infinity":120,"b:255:6:255:17:255:17:255:44":47,"s:256:3:256:Infinity":121,"f:260:1:260:19":17,"b:261:2:261:Infinity:undefined:undefined:undefined:undefined":48,"s:261:2:261:Infinity":122,"s:261:30:261:Infinity":123,"s:262:2:262:Infinity":124,"f:265:1:265:19":18,"s:266:2:266:Infinity":125,"f:266:17:266:29":19,"s:266:29:266:45":126,"f:269:1:269:25":20,"b:270:2:270:Infinity:undefined:undefined:undefined:undefined":49,"s:270:2:270:Infinity":127,"s:270:43:270:Infinity":128,"s:271:2:271:Infinity":129,"f:274:1:274:26":21,"s:275:2:275:Infinity":130,"f:278:1:278:24":22,"b:279:2:282:Infinity:281:9:282:Infinity":50,"s:279:2:282:Infinity":131,"s:280:3:280:Infinity":132,"s:282:3:282:Infinity":133,"f:286:1:286:24":23,"s:287:17:287:Infinity":134,"b:289:2:289:Infinity:undefined:undefined:undefined:undefined":51,"s:289:2:289:Infinity":135,"s:289:38:289:Infinity":136,"s:291:16:292:Infinity":137,"s:295:2:299:Infinity":138,"s:303:0:303:Infinity":139}}}
,"/Users/nhall/Sites/pari/src/components/nav-disclosure/nav-disclosure.ts": {"path":"/Users/nhall/Sites/pari/src/components/nav-disclosure/nav-disclosure.ts","statementMap":{"0":{"start":{"line":5,"column":20},"end":{"line":5,"column":null}},"1":{"start":{"line":21,"column":23},"end":{"line":21,"column":null}},"2":{"start":{"line":22,"column":26},"end":{"line":22,"column":null}},"3":{"start":{"line":23,"column":24},"end":{"line":23,"column":null}},"4":{"start":{"line":24,"column":23},"end":{"line":24,"column":null}},"5":{"start":{"line":25,"column":26},"end":{"line":25,"column":null}},"6":{"start":{"line":26,"column":93},"end":{"line":26,"column":null}},"7":{"start":{"line":29,"column":2},"end":{"line":39,"column":null}},"8":{"start":{"line":30,"column":19},"end":{"line":30,"column":65}},"9":{"start":{"line":31,"column":3},"end":{"line":32,"column":null}},"10":{"start":{"line":32,"column":4},"end":{"line":32,"column":null}},"11":{"start":{"line":35,"column":9},"end":{"line":35,"column":44}},"12":{"start":{"line":35,"column":23},"end":{"line":35,"column":44}},"13":{"start":{"line":36,"column":9},"end":{"line":36,"column":44}},"14":{"start":{"line":36,"column":23},"end":{"line":36,"column":44}},"15":{"start":{"line":37,"column":3},"end":{"line":37,"column":null}},"16":{"start":{"line":38,"column":3},"end":{"line":38,"column":null}},"17":{"start":{"line":39,"column":3},"end":{"line":39,"column":null}},"18":{"start":{"line":42,"column":2},"end":{"line":42,"column":null}},"19":{"start":{"line":43,"column":2},"end":{"line":43,"column":null}},"20":{"start":{"line":44,"column":2},"end":{"line":44,"column":null}},"21":{"start":{"line":45,"column":2},"end":{"line":45,"column":null}},"22":{"start":{"line":49,"column":2},"end":{"line":49,"column":null}},"23":{"start":{"line":50,"column":2},"end":{"line":50,"column":null}},"24":{"start":{"line":51,"column":2},"end":{"line":51,"column":null}},"25":{"start":{"line":52,"column":2},"end":{"line":52,"column":null}},"26":{"start":{"line":54,"column":2},"end":{"line":56,"column":null}},"27":{"start":{"line":55,"column":3},"end":{"line":55,"column":null}},"28":{"start":{"line":56,"column":3},"end":{"line":56,"column":null}},"29":{"start":{"line":58,"column":2},"end":{"line":58,"column":null}},"30":{"start":{"line":60,"column":2},"end":{"line":60,"column":null}},"31":{"start":{"line":60,"column":37},"end":{"line":60,"column":52}},"32":{"start":{"line":61,"column":2},"end":{"line":61,"column":null}},"33":{"start":{"line":65,"column":2},"end":{"line":67,"column":null}},"34":{"start":{"line":71,"column":2},"end":{"line":71,"column":null}},"35":{"start":{"line":71,"column":39},"end":{"line":71,"column":46}},"36":{"start":{"line":75,"column":2},"end":{"line":76,"column":null}},"37":{"start":{"line":76,"column":3},"end":{"line":76,"column":null}},"38":{"start":{"line":76,"column":15},"end":{"line":76,"column":null}},"39":{"start":{"line":81,"column":2},"end":{"line":82,"column":null}},"40":{"start":{"line":82,"column":3},"end":{"line":82,"column":null}},"41":{"start":{"line":82,"column":31},"end":{"line":82,"column":null}},"42":{"start":{"line":87,"column":19},"end":{"line":87,"column":54}},"43":{"start":{"line":88,"column":2},"end":{"line":90,"column":null}},"44":{"start":{"line":89,"column":3},"end":{"line":89,"column":null}},"45":{"start":{"line":90,"column":3},"end":{"line":90,"column":null}},"46":{"start":{"line":93,"column":2},"end":{"line":95,"column":null}},"47":{"start":{"line":94,"column":3},"end":{"line":94,"column":null}},"48":{"start":{"line":95,"column":3},"end":{"line":95,"column":null}},"49":{"start":{"line":100,"column":2},"end":{"line":106,"column":null}},"50":{"start":{"line":103,"column":4},"end":{"line":103,"column":null}},"51":{"start":{"line":103,"column":25},"end":{"line":103,"column":null}},"52":{"start":{"line":104,"column":4},"end":{"line":104,"column":null}},"53":{"start":{"line":110,"column":17},"end":{"line":110,"column":null}},"54":{"start":{"line":111,"column":18},"end":{"line":111,"column":50}},"55":{"start":{"line":112,"column":2},"end":{"line":112,"column":null}},"56":{"start":{"line":112,"column":16},"end":{"line":112,"column":null}},"57":{"start":{"line":114,"column":21},"end":{"line":114,"column":55}},"58":{"start":{"line":115,"column":2},"end":{"line":115,"column":null}},"59":{"start":{"line":115,"column":56},"end":{"line":115,"column":null}},"60":{"start":{"line":118,"column":2},"end":{"line":118,"column":null}},"61":{"start":{"line":120,"column":2},"end":{"line":124,"column":null}},"62":{"start":{"line":121,"column":3},"end":{"line":121,"column":null}},"63":{"start":{"line":123,"column":3},"end":{"line":123,"column":null}},"64":{"start":{"line":124,"column":3},"end":{"line":124,"column":null}},"65":{"start":{"line":129,"column":18},"end":{"line":130,"column":null}},"66":{"start":{"line":132,"column":2},"end":{"line":132,"column":null}},"67":{"start":{"line":132,"column":48},"end":{"line":132,"column":null}},"68":{"start":{"line":134,"column":2},"end":{"line":134,"column":null}},"69":{"start":{"line":138,"column":2},"end":{"line":138,"column":null}},"70":{"start":{"line":138,"column":29},"end":{"line":138,"column":45}},"71":{"start":{"line":142,"column":2},"end":{"line":150,"column":null}},"72":{"start":{"line":143,"column":16},"end":{"line":143,"column":null}},"73":{"start":{"line":144,"column":3},"end":{"line":148,"column":null}},"74":{"start":{"line":145,"column":4},"end":{"line":145,"column":null}},"75":{"start":{"line":146,"column":20},"end":{"line":146,"column":69}},"76":{"start":{"line":147,"column":4},"end":{"line":147,"column":null}},"77":{"start":{"line":148,"column":4},"end":{"line":148,"column":null}},"78":{"start":{"line":150,"column":3},"end":{"line":150,"column":null}},"79":{"start":{"line":153,"column":17},"end":{"line":153,"column":null}},"80":{"start":{"line":155,"column":18},"end":{"line":155,"column":50}},"81":{"start":{"line":156,"column":2},"end":{"line":160,"column":null}},"82":{"start":{"line":157,"column":22},"end":{"line":157,"column":56}},"83":{"start":{"line":158,"column":3},"end":{"line":160,"column":null}},"84":{"start":{"line":159,"column":4},"end":{"line":159,"column":null}},"85":{"start":{"line":160,"column":4},"end":{"line":160,"column":null}},"86":{"start":{"line":164,"column":15},"end":{"line":164,"column":44}},"87":{"start":{"line":165,"column":2},"end":{"line":168,"column":null}},"88":{"start":{"line":166,"column":22},"end":{"line":166,"column":53}},"89":{"start":{"line":167,"column":3},"end":{"line":168,"column":null}},"90":{"start":{"line":168,"column":4},"end":{"line":168,"column":null}},"91":{"start":{"line":174,"column":14},"end":{"line":174,"column":null}},"92":{"start":{"line":175,"column":2},"end":{"line":175,"column":null}},"93":{"start":{"line":175,"column":48},"end":{"line":175,"column":null}},"94":{"start":{"line":177,"column":2},"end":{"line":177,"column":null}},"95":{"start":{"line":179,"column":2},"end":{"line":179,"column":null}},"96":{"start":{"line":179,"column":24},"end":{"line":179,"column":null}},"97":{"start":{"line":181,"column":18},"end":{"line":181,"column":73}},"98":{"start":{"line":182,"column":2},"end":{"line":182,"column":null}},"99":{"start":{"line":182,"column":16},"end":{"line":182,"column":null}},"100":{"start":{"line":184,"column":16},"end":{"line":184,"column":80}},"101":{"start":{"line":185,"column":2},"end":{"line":185,"column":null}},"102":{"start":{"line":185,"column":26},"end":{"line":185,"column":null}},"103":{"start":{"line":187,"column":22},"end":{"line":187,"column":null}},"104":{"start":{"line":188,"column":2},"end":{"line":188,"column":null}},"105":{"start":{"line":192,"column":18},"end":{"line":192,"column":60}},"106":{"start":{"line":193,"column":2},"end":{"line":193,"column":null}},"107":{"start":{"line":193,"column":16},"end":{"line":193,"column":null}},"108":{"start":{"line":195,"column":16},"end":{"line":195,"column":80}},"109":{"start":{"line":197,"column":2},"end":{"line":201,"column":null}},"110":{"start":{"line":205,"column":0},"end":{"line":205,"column":null}}},"fnMap":{"0":{"name":"(anonymous_0)","decl":{"start":{"line":28,"column":1},"end":{"line":28,"column":21}},"loc":{"start":{"line":28,"column":21},"end":{"line":45,"column":null}},"line":28},"1":{"name":"(anonymous_1)","decl":{"start":{"line":35,"column":9},"end":{"line":35,"column":23}},"loc":{"start":{"line":35,"column":23},"end":{"line":35,"column":44}},"line":35},"2":{"name":"(anonymous_2)","decl":{"start":{"line":36,"column":9},"end":{"line":36,"column":23}},"loc":{"start":{"line":36,"column":23},"end":{"line":36,"column":44}},"line":36},"3":{"name":"(anonymous_3)","decl":{"start":{"line":48,"column":1},"end":{"line":48,"column":24}},"loc":{"start":{"line":48,"column":24},"end":{"line":61,"column":null}},"line":48},"4":{"name":"(anonymous_4)","decl":{"start":{"line":60,"column":22},"end":{"line":60,"column":31}},"loc":{"start":{"line":60,"column":37},"end":{"line":60,"column":52}},"line":60},"5":{"name":"(anonymous_5)","decl":{"start":{"line":64,"column":13},"end":{"line":64,"column":53}},"loc":{"start":{"line":64,"column":53},"end":{"line":67,"column":null}},"line":64},"6":{"name":"(anonymous_6)","decl":{"start":{"line":70,"column":13},"end":{"line":70,"column":61}},"loc":{"start":{"line":70,"column":61},"end":{"line":71,"column":null}},"line":70},"7":{"name":"(anonymous_7)","decl":{"start":{"line":71,"column":27},"end":{"line":71,"column":33}},"loc":{"start":{"line":71,"column":39},"end":{"line":71,"column":46}},"line":71},"8":{"name":"(anonymous_8)","decl":{"start":{"line":74,"column":1},"end":{"line":74,"column":21}},"loc":{"start":{"line":74,"column":21},"end":{"line":76,"column":null}},"line":74},"9":{"name":"(anonymous_9)","decl":{"start":{"line":80,"column":1},"end":{"line":80,"column":24}},"loc":{"start":{"line":80,"column":55},"end":{"line":82,"column":null}},"line":80},"10":{"name":"(anonymous_10)","decl":{"start":{"line":86,"column":1},"end":{"line":86,"column":23}},"loc":{"start":{"line":86,"column":58},"end":{"line":95,"column":null}},"line":86},"11":{"name":"(anonymous_11)","decl":{"start":{"line":99,"column":1},"end":{"line":99,"column":23}},"loc":{"start":{"line":99,"column":58},"end":{"line":106,"column":null}},"line":99},"12":{"name":"(anonymous_12)","decl":{"start":{"line":102,"column":3},"end":{"line":102,"column":20}},"loc":{"start":{"line":102,"column":20},"end":{"line":105,"column":18}},"line":102},"13":{"name":"(anonymous_13)","decl":{"start":{"line":109,"column":1},"end":{"line":109,"column":18}},"loc":{"start":{"line":109,"column":32},"end":{"line":124,"column":null}},"line":109},"14":{"name":"(anonymous_14)","decl":{"start":{"line":128,"column":1},"end":{"line":128,"column":17}},"loc":{"start":{"line":128,"column":31},"end":{"line":134,"column":null}},"line":128},"15":{"name":"(anonymous_15)","decl":{"start":{"line":137,"column":1},"end":{"line":137,"column":19}},"loc":{"start":{"line":137,"column":19},"end":{"line":138,"column":null}},"line":137},"16":{"name":"(anonymous_16)","decl":{"start":{"line":138,"column":17},"end":{"line":138,"column":29}},"loc":{"start":{"line":138,"column":29},"end":{"line":138,"column":45}},"line":138},"17":{"name":"(anonymous_17)","decl":{"start":{"line":141,"column":1},"end":{"line":141,"column":20}},"loc":{"start":{"line":141,"column":42},"end":{"line":168,"column":null}},"line":141},"18":{"name":"(anonymous_18)","decl":{"start":{"line":173,"column":1},"end":{"line":173,"column":27}},"loc":{"start":{"line":173,"column":84},"end":{"line":188,"column":null}},"line":173},"19":{"name":"(anonymous_19)","decl":{"start":{"line":191,"column":1},"end":{"line":191,"column":25}},"loc":{"start":{"line":191,"column":72},"end":{"line":201,"column":null}},"line":191}},"branchMap":{"0":{"loc":{"start":{"line":31,"column":3},"end":{"line":32,"column":null}},"type":"if","locations":[{"start":{"line":31,"column":3},"end":{"line":32,"column":null}},{"start":{},"end":{}}],"line":31},"1":{"loc":{"start":{"line":71,"column":9},"end":{"line":71,"column":null}},"type":"binary-expr","locations":[{"start":{"line":71,"column":9},"end":{"line":71,"column":46}},{"start":{"line":71,"column":50},"end":{"line":71,"column":null}}],"line":71},"2":{"loc":{"start":{"line":76,"column":3},"end":{"line":76,"column":null}},"type":"if","locations":[{"start":{"line":76,"column":3},"end":{"line":76,"column":null}},{"start":{},"end":{}}],"line":76},"3":{"loc":{"start":{"line":82,"column":3},"end":{"line":82,"column":null}},"type":"if","locations":[{"start":{"line":82,"column":3},"end":{"line":82,"column":null}},{"start":{},"end":{}}],"line":82},"4":{"loc":{"start":{"line":82,"column":7},"end":{"line":82,"column":31}},"type":"binary-expr","locations":[{"start":{"line":82,"column":7},"end":{"line":82,"column":23}},{"start":{"line":82,"column":23},"end":{"line":82,"column":31}}],"line":82},"5":{"loc":{"start":{"line":88,"column":2},"end":{"line":90,"column":null}},"type":"if","locations":[{"start":{"line":88,"column":2},"end":{"line":90,"column":null}},{"start":{},"end":{}}],"line":88},"6":{"loc":{"start":{"line":93,"column":2},"end":{"line":95,"column":null}},"type":"if","locations":[{"start":{"line":93,"column":2},"end":{"line":95,"column":null}},{"start":{},"end":{}}],"line":93},"7":{"loc":{"start":{"line":103,"column":4},"end":{"line":103,"column":null}},"type":"if","locations":[{"start":{"line":103,"column":4},"end":{"line":103,"column":null}},{"start":{},"end":{}}],"line":103},"8":{"loc":{"start":{"line":112,"column":2},"end":{"line":112,"column":null}},"type":"if","locations":[{"start":{"line":112,"column":2},"end":{"line":112,"column":null}},{"start":{},"end":{}}],"line":112},"9":{"loc":{"start":{"line":115,"column":2},"end":{"line":115,"column":null}},"type":"if","locations":[{"start":{"line":115,"column":2},"end":{"line":115,"column":null}},{"start":{},"end":{}}],"line":115},"10":{"loc":{"start":{"line":115,"column":6},"end":{"line":115,"column":56}},"type":"binary-expr","locations":[{"start":{"line":115,"column":6},"end":{"line":115,"column":21}},{"start":{"line":115,"column":21},"end":{"line":115,"column":56}}],"line":115},"11":{"loc":{"start":{"line":120,"column":2},"end":{"line":124,"column":null}},"type":"if","locations":[{"start":{"line":120,"column":2},"end":{"line":124,"column":null}},{"start":{"line":122,"column":9},"end":{"line":124,"column":null}}],"line":120},"12":{"loc":{"start":{"line":132,"column":2},"end":{"line":132,"column":null}},"type":"if","locations":[{"start":{"line":132,"column":2},"end":{"line":132,"column":null}},{"start":{},"end":{}}],"line":132},"13":{"loc":{"start":{"line":132,"column":6},"end":{"line":132,"column":48}},"type":"binary-expr","locations":[{"start":{"line":132,"column":6},"end":{"line":132,"column":17}},{"start":{"line":132,"column":17},"end":{"line":132,"column":48}}],"line":132},"14":{"loc":{"start":{"line":142,"column":2},"end":{"line":150,"column":null}},"type":"if","locations":[{"start":{"line":142,"column":2},"end":{"line":150,"column":null}},{"start":{},"end":{}}],"line":142},"15":{"loc":{"start":{"line":144,"column":3},"end":{"line":148,"column":null}},"type":"if","locations":[{"start":{"line":144,"column":3},"end":{"line":148,"column":null}},{"start":{},"end":{}}],"line":144},"16":{"loc":{"start":{"line":156,"column":2},"end":{"line":160,"column":null}},"type":"if","locations":[{"start":{"line":156,"column":2},"end":{"line":160,"column":null}},{"start":{},"end":{}}],"line":156},"17":{"loc":{"start":{"line":158,"column":3},"end":{"line":160,"column":null}},"type":"if","locations":[{"start":{"line":158,"column":3},"end":{"line":160,"column":null}},{"start":{},"end":{}}],"line":158},"18":{"loc":{"start":{"line":158,"column":7},"end":{"line":158,"column":56}},"type":"binary-expr","locations":[{"start":{"line":158,"column":7},"end":{"line":158,"column":21}},{"start":{"line":158,"column":21},"end":{"line":158,"column":56}}],"line":158},"19":{"loc":{"start":{"line":165,"column":2},"end":{"line":168,"column":null}},"type":"if","locations":[{"start":{"line":165,"column":2},"end":{"line":168,"column":null}},{"start":{},"end":{}}],"line":165},"20":{"loc":{"start":{"line":167,"column":3},"end":{"line":168,"column":null}},"type":"if","locations":[{"start":{"line":167,"column":3},"end":{"line":168,"column":null}},{"start":{},"end":{}}],"line":167},"21":{"loc":{"start":{"line":167,"column":7},"end":{"line":167,"column":56}},"type":"binary-expr","locations":[{"start":{"line":167,"column":7},"end":{"line":167,"column":21}},{"start":{"line":167,"column":21},"end":{"line":167,"column":56}}],"line":167},"22":{"loc":{"start":{"line":175,"column":2},"end":{"line":175,"column":null}},"type":"if","locations":[{"start":{"line":175,"column":2},"end":{"line":175,"column":null}},{"start":{},"end":{}}],"line":175},
[...]
,"/Users/nhall/Sites/pari/src/utils/deeplink.ts": {"path":"/Users/nhall/Sites/pari/src/utils/deeplink.ts","statementMap":{"0":{"start":{"line":10,"column":34},"end":{"line":10,"column":36}},"1":{"start":{"line":11,"column":16},"end":{"line":11,"column":null}},"2":{"start":{"line":14,"column":14},"end":{"line":14,"column":null}},"3":{"start":{"line":15,"column":1},"end":{"line":15,"column":null}},"4":{"start":{"line":15,"column":31},"end":{"line":15,"column":null}},"5":{"start":{"line":18,"column":1},"end":{"line":21,"column":null}},"6":{"start":{"line":19,"column":2},"end":{"line":19,"column":null}},"7":{"start":{"line":21,"column":2},"end":{"line":21,"column":null}},"8":{"start":{"line":24,"column":16},"end":{"line":24,"column":43}},"9":{"start":{"line":25,"column":1},"end":{"line":25,"column":null}},"10":{"start":{"line":25,"column":14},"end":{"line":25,"column":null}},"11":{"start":{"line":27,"column":1},"end":{"line":30,"column":null}},"12":{"start":{"line":28,"column":2},"end":{"line":30,"column":null}},"13":{"start":{"line":29,"column":3},"end":{"line":29,"column":null}},"14":{"start":{"line":30,"column":3},"end":{"line":30,"column":null}},"15":{"start":{"line":36,"column":1},"end":{"line":36,"column":null}},"16":{"start":{"line":38,"column":1},"end":{"line":40,"column":null}},"17":{"start":{"line":39,"column":2},"end":{"line":39,"column":null}},"18":{"start":{"line":40,"column":2},"end":{"line":40,"column":null}},"19":{"start":{"line":43,"column":1},"end":{"line":43,"column":null}},"20":{"start":{"line":47,"column":15},"end":{"line":48,"column":null}},"21":{"start":{"line":48,"column":13},"end":{"line":48,"column":null}},"22":{"start":{"line":51,"column":1},"end":{"line":52,"column":null}},"23":{"start":{"line":52,"column":2},"end":{"line":52,"column":null}},"24":{"start":{"line":57,"column":1},"end":{"line":57,"column":null}},"25":{"start":{"line":57,"column":10},"end":{"line":57,"column":null}},"26":{"start":{"line":59,"column":1},"end":{"line":66,"column":null}},"27":{"start":{"line":60,"column":2},"end":{"line":60,"column":null}},"28":{"start":{"line":61,"column":12},"end":{"line":66,"column":null}},"29":{"start":{"line":62,"column":2},"end":{"line":66,"column":null}}},"fnMap":{"0":{"name":"handleHash","decl":{"start":{"line":13,"column":9},"end":{"line":13,"column":22}},"loc":{"start":{"line":13,"column":22},"end":{"line":30,"column":null}},"line":13},"1":{"name":"register","decl":{"start":{"line":35,"column":16},"end":{"line":35,"column":25}},"loc":{"start":{"line":35,"column":69},"end":{"line":43,"column":null}},"line":35},"2":{"name":"unregister","decl":{"start":{"line":46,"column":16},"end":{"line":46,"column":27}},"loc":{"start":{"line":46,"column":71},"end":{"line":52,"column":null}},"line":46},"3":{"name":"(anonymous_3)","decl":{"start":{"line":47,"column":24},"end":{"line":47,"column":null}},"loc":{"start":{"line":48,"column":13},"end":{"line":48,"column":null}},"line":48},"4":{"name":"updateHash","decl":{"start":{"line":56,"column":16},"end":{"line":56,"column":27}},"loc":{"start":{"line":56,"column":53},"end":{"line":66,"column":null}},"line":56}},"branchMap":{"0":{"loc":{"start":{"line":15,"column":1},"end":{"line":15,"column":null}},"type":"if","locations":[{"start":{"line":15,"column":1},"end":{"line":15,"column":null}},{"start":{},"end":{}}],"line":15},"1":{"loc":{"start":{"line":15,"column":5},"end":{"line":15,"column":31}},"type":"binary-expr","locations":[{"start":{"line":15,"column":5},"end":{"line":15,"column":14}},{"start":{"line":15,"column":14},"end":{"line":15,"column":31}}],"line":15},"2":{"loc":{"start":{"line":25,"column":1},"end":{"line":25,"column":null}},"type":"if","locations":[{"start":{"line":25,"column":1},"end":{"line":25,"column":null}},{"start":{},"end":{}}],"line":25},"3":{"loc":{"start":{"line":28,"column":2},"end":{"line":30,"column":null}},"type":"if","locations":[{"start":{"line":28,"column":2},"end":{"line":30,"column":null}},{"start":{},"end":{}}],"line":28},"4":{"loc":{"start":{"line":38,"column":1},"end":{"line":40,"column":null}},"type":"if","locations":[{"start":{"line":38,"column":1},"end":{"line":40,"column":null}},{"start":{},"end":{}}],"line":38},"5":{"loc":{"start":{"line":48,"column":13},"end":{"line":48,"column":null}},"type":"binary-expr","locations":[{"start":{"line":48,"column":13},"end":{"line":48,"column":44}},{"start":{"line":48,"column":44},"end":{"line":48,"column":null}}],"line":48},"6":{"loc":{"start":{"line":51,"column":1},"end":{"line":52,"column":null}},"type":"if","locations":[{"start":{"line":51,"column":1},"end":{"line":52,"column":null}},{"start":{},"end":{}}],"line":51},"7":{"loc":{"start":{"line":57,"column":1},"end":{"line":57,"column":null}},"type":"if","locations":[{"start":{"line":57,"column":1},"end":{"line":57,"column":null}},{"start":{},"end":{}}],"line":57},"8":{"loc":{"start":{"line":59,"column":1},"end":{"line":66,"column":null}},"type":"if","locations":[{"start":{"line":59,"column":1},"end":{"line":66,"column":null}},{"start":{"line":61,"column":12},"end":{"line":66,"column":null}}],"line":59},"9":{"loc":{"start":{"line":61,"column":12},"end":{"line":66,"column":null}},"type":"if","locations":[{"start":{"line":61,"column":12},"end":{"line":66,"column":null}},{"start":{},"end":{}}],"line":61}},"s":{"0":5,"1":5,"2":8,"3":8,"4":5,"5":3,"6":3,"7":0,"8":3,"9":3,"10":0,"11":3,"12":3,"13":3,"14":3,"15":5,"16":5,"17":3,"18":3,"19":5,"20":5,"21":5,"22":5,"23":5,"24":11,"25":0,"26":11,"27":7,"28":4,"29":4},"f":{"0":8,"1":5,"2":5,"3":5,"4":11},"b":{"0":[5,3],"1":[8,3],"2":[0,3],"3":[3,0],"4":[3,2],"5":[5,5],"6":[5,0],"7":[0,11],"8":[7,4],"9":[4,0]},"meta":{"lastBranch":10,"lastFunction":5,"lastStatement":30,"seen":{"s:10:34:10:36":0,"s:11:16:11:Infinity":1,"f:13:9:13:22":0,"s:14:14:14:Infinity":2,"b:15:1:15:Infinity:undefined:undefined:undefined:undefined":0,"s:15:1:15:Infinity":3,"b:15:5:15:14:15:14:15:31":1,"s:15:31:15:Infinity":4,"s:18:1:21:Infinity":5,"s:19:2:19:Infinity":6,"s:21:2:21:Infinity":7,"s:24:16:24:43":8,"b:25:1:25:Infinity:undefined:undefined:undefined:undefined":2,"s:25:1:25:Infinity":9,"s:25:14:25:Infinity":10,"s:27:1:30:Infinity":11,"b:28:2:30:Infinity:undefined:undefined:undefined:undefined":3,"s:28:2:30:Infinity":12,"s:29:3:29:Infinity":13,"s:30:3:30:Infinity":14,"f:35:16:35:25":1,"s:36:1:36:Infinity":15,"b:38:1:40:Infinity:undefined:undefined:undefined:undefined":4,"s:38:1:40:Infinity":16,"s:39:2:39:Infinity":17,"s:40:2:40:Infinity":18,"s:43:1:43:Infinity":19,"f:46:16:46:27":2,"s:47:15:48:Infinity":20,"f:47:24:47:Infinity":3,"s:48:13:48:Infinity":21,"b:48:13:48:44:48:44:48:Infinity":5,"b:51:1:52:Infinity:undefined:undefined:undefined:undefined":6,"s:51:1:52:Infinity":22,"s:52:2:52:Infinity":23,"f:56:16:56:27":4,"b:57:1:57:Infinity:undefined:undefined:undefined:undefined":7,"s:57:1:57:Infinity":24,"s:57:10:57:Infinity":25,"b:59:1:66:Infinity:61:12:66:Infinity":8,"s:59:1:66:Infinity":26,"s:60:2:60:Infinity":27,"b:61:12:66:Infinity:undefined:undefined:undefined:undefined":9,"s:61:12:66:Infinity":28,"s:62:2:66:Infinity":29}}}
,"/Users/nhall/Sites/pari/src/utils/focus.ts": {"path":"/Users/nhall/Sites/pari/src/utils/focus.ts","statementMap":{"0":{"start":{"line":2,"column":1},"end":{"line":2,"column":null}},"1":{"start":{"line":6,"column":1},"end":{"line":11,"column":null}},"2":{"start":{"line":7,"column":18},"end":{"line":7,"column":null}},"3":{"start":{"line":8,"column":2},"end":{"line":8,"column":null}},"4":{"start":{"line":8,"column":45},"end":{"line":8,"column":null}},"5":{"start":{"line":9,"column":2},"end":{"line":9,"column":null}},"6":{"start":{"line":9,"column":35},"end":{"line":9,"column":null}},"7":{"start":{"line":10,"column":2},"end":{"line":10,"column":null}}},"fnMap":{"0":{"name":"onFocusOutside","decl":{"start":{"line":5,"column":16},"end":{"line":5,"column":31}},"loc":{"start":{"line":5,"column":77},"end":{"line":11,"column":null}},"line":5},"1":{"name":"(anonymous_1)","decl":{"start":{"line":6,"column":1},"end":{"line":6,"column":18}},"loc":{"start":{"line":6,"column":18},"end":{"line":11,"column":6}},"line":6}},"branchMap":{"0":{"loc":{"start":{"line":8,"column":2},"end":{"line":8,"column":null}},"type":"if","locations":[{"start":{"line":8,"column":2},"end":{"line":8,"column":null}},{"start":{},"end":{}}],"line":8},"1":{"loc":{"start":{"line":8,"column":6},"end":{"line":8,"column":45}},"type":"binary-expr","locations":[{"start":{"line":8,"column":6},"end":{"line":8,"column":18}},{"start":{"line":8,"column":18},"end":{"line":8,"column":45}}],"line":8},"2":{"loc":{"start":{"line":9,"column":2},"end":{"line":9,"column":null}},"type":"if","locations":[{"start":{"line":9,"column":2},"end":{"line":9,"column":null}},{"start":{},"end":{}}],"line":9}},"s":{"0":5,"1":20,"2":20,"3":20,"4":0,"5":20,"6":17,"7":3},"f":{"0":20,"1":20},"b":{"0":[0,20],"1":[20,20],"2":[17,3]},"meta":{"lastBranch":3,"lastFunction":2,"lastStatement":8,"seen":{"s:2:1:2:Infinity":0,"f:5:16:5:31":0,"s:6:1:11:Infinity":1,"f:6:1:6:18":1,"s:7:18:7:Infinity":2,"b:8:2:8:Infinity:undefined:undefined:undefined:undefined":0,"s:8:2:8:Infinity":3,"b:8:6:8:18:8:18:8:45":1,"s:8:45:8:Infinity":4,"b:9:2:9:Infinity:undefined:undefined:undefined:undefined":2,"s:9:2:9:Infinity":5,"s:9:35:9:Infinity":6,"s:10:2:10:Infinity":7}}}
,"/Users/nhall/Sites/pari/src/utils/keyboard.ts": {"path":"/Users/nhall/Sites/pari/src/utils/keyboard.ts","statementMap":{"0":{"start":{"line":14,"column":65},"end":{"line":14,"column":null}},"1":{"start":{"line":14,"column":44},"end":{"line":14,"column":48}},"2":{"start":{"line":15,"column":13},"end":{"line":15,"column":null}},"3":{"start":{"line":17,"column":27},"end":{"line":17,"column":null}},"4":{"start":{"line":18,"column":16},"end":{"line":18,"column":null}},"5":{"start":{"line":19,"column":17},"end":{"line":20,"column":null}},"6":{"start":{"line":20,"column":12},"end":{"line":20,"column":52}},"7":{"start":{"line":23,"column":1},"end":{"line":37,"column":null}},"8":{"start":{"line":24,"column":2},"end":{"line":24,"column":null}},"9":{"start":{"line":25,"column":12},"end":{"line":37,"column":null}},"10":{"start":{"line":26,"column":2},"end":{"line":26,"column":null}},"11":{"start":{"line":27,"column":12},"end":{"line":37,"column":null}},"12":{"start":{"line":28,"column":2},"end":{"line":31,"column":null}},"13":{"start":{"line":29,"column":3},"end":{"line":29,"column":null}},"14":{"start":{"line":31,"column":3},"end":{"line":31,"column":null}},"15":{"start":{"line":33,"column":12},"end":{"line":37,"column":null}},"16":{"start":{"line":34,"column":2},"end":{"line":37,"column":null}},"17":{"start":{"line":35,"column":3},"end":{"line":35,"column":null}},"18":{"start":{"line":37,"column":3},"end":{"line":37,"column":null}},"19":{"start":{"line":41,"column":1},"end":{"line":41,"column":null}},"20":{"start":{"line":41,"column":20},"end":{"line":41,"column":null}},"21":{"start":{"line":43,"column":1},"end":{"line":43,"column":null}},"22":{"start":{"line":44,"column":1},"end":{"line":44,"column":null}},"23":{"start":{"line":45,"column":1},"end":{"line":45,"column":null}},"24":{"start":{"line":49,"column":1},"end":{"line":49,"column":null}},"25":{"start":{"line":53,"column":1},"end":{"line":53,"column":null}}},"fnMap":{"0":{"name":"handleNavigation","decl":{"start":{"line":9,"column":9},"end":{"line":9,"column":null}},"loc":{"start":{"line":13,"column":11},"end":{"line":45,"column":null}},"line":13},"1":{"name":"(anonymous_1)","decl":{"start":{"line":14,"column":23},"end":{"line":14,"column":37}},"loc":{"start":{"line":14,"column":44},"end":{"line":14,"column":48}},"line":14},"2":{"name":"(anonymous_2)","decl":{"start":{"line":19,"column":23},"end":{"line":19,"column":null}},"loc":{"start":{"line":20,"column":12},"end":{"line":20,"column":52}},"line":20},"3":{"name":"verticalKeyNavigation","decl":{"start":{"line":48,"column":16},"end":{"line":48,"column":38}},"loc":{"start":{"line":48,"column":78},"end":{"line":49,"column":null}},"line":48},"4":{"name":"horizontalKeyNavigation","decl":{"start":{"line":52,"column":16},"end":{"line":52,"column":40}},"loc":{"start":{"line":52,"column":80},"end":{"line":53,"column":null}},"line":52}},"branchMap":{"0":{"loc":{"start":{"line":14,"column":23},"end":{"line":14,"column":48}},"type":"default-arg","locations":[{"start":{"line":14,"column":23},"end":{"line":14,"column":48}}],"line":14},"1":{"loc":{"start":{"line":14,"column":48},"end":{"line":14,"column":65}},"type":"default-arg","locations":[{"start":{"line":14,"column":55},"end":{"line":14,"column":65}}],"line":14},"2":{"loc":{"start":{"line":20,"column":12},"end":{"line":20,"column":52}},"type":"binary-expr","locations":[{"start":{"line":20,"column":12},"end":{"line":20,"column":31}},{"start":{"line":20,"column":31},"end":{"line":20,"column":52}}],"line":20},"3":{"loc":{"start":{"line":23,"column":1},"end":{"line":37,"column":null}},"type":"if","locations":[{"start":{"line":23,"column":1},"end":{"line":37,"column":null}},{"start":{"line":25,"column":12},"end":{"line":37,"column":null}}],"line":23},"4":{"loc":{"start":{"line":25,"column":12},"end":{"line":37,"column":null}},"type":"if","locations":[{"start":{"line":25,"column":12},"end":{"line":37,"column":null}},{"start":{"line":27,"column":12},"end":{"line":37,"column":null}}],"line":25},"5":{"loc":{"start":{"line":27,"column":12},"end":{"line":37,"column":null}},"type":"if","locations":[{"start":{"line":27,"column":12},"end":{"line":37,"column":null}},{"start":{"line":33,"column":12},"end":{"line":37,"column":null}}],"line":27},"6":{"loc":{"start":{"line":28,"column":2},"end":{"line":31,"column":null}},"type":"if","locations":[{"start":{"line":28,"column":2},"end":{"line":31,"column":null}},{"start":{"line":30,"column":9},"end":{"line":31,"column":null}}],"line":28},"7":{"loc":{"start":{"line":29,"column":10},"end":{"line":29,"column":null}},"type":"cond-expr","locations":[{"start":{"line":29,"column":17},"end":{"line":29,"column":36}},{"start":{"line":29,"column":36},"end":{"line":29,"column":null}}],"line":29},"8":{"loc":{"start":{"line":33,"column":12},"end":{"line":37,"column":null}},"type":"if","locations":[{"start":{"line":33,"column":12},"end":{"line":37,"column":null}},{"start":{},"end":{}}],"line":33},"9":{"loc":{"start":{"line":34,"column":2},"end":{"line":37,"column":null}},"type":"if","locations":[{"start":{"line":34,"column":2},"end":{"line":37,"column":null}},{"start":{"line":36,"column":9},"end":{"line":37,"column":null}}],"line":34},"10":{"loc":{"start":{"line":35,"column":10},"end":{"line":35,"column":null}},"type":"cond-expr","locations":[{"start":{"line":35,"column":17},"end":{"line":35,"column":21}},{"start":{"line":35,"column":21},"end":{"line":35,"column":null}}],"line":35},"11":{"loc":{"start":{"line":41,"column":1},"end":{"line":41,"column":null}},"type":"if","locations":[{"start":{"line":41,"column":1},"end":{"line":41,"column":null}},{"start":{},"end":{}}],"line":41}},"s":{"0":36,"1":29,"2":36,"3":36,"4":36,"5":36,"6":63,"7":36,"8":4,"9":32,"10":4,"11":28,"12":11,"13":5,"14":6,"15":17,"16":13,"17":4,"18":9,"19":36,"20":7,"21":29,"22":29,"23":29,"24":22,"25":14},"f":{"0":36,"1":29,"2":63,"3":22,"4":14},"b":{"0":[29],"1":[36],"2":[63,27],"3":[4,32],"4":[4,28],"5":[11,17],"6":[5,6],"7":[3,2],"8":[13,4],"9":[4,9],"10":[3,1],"11":[7,29]},"meta":{"lastBranch":12,"lastFunction":5,"lastStatement":26,"seen":{"f:9:9:9:Infinity":0,"s:14:65:14:Infinity":0,"b:14:23:14:48":0,"f:14:23:14:37":1,"s:14:44:14:48":1,"b:14:55:14:65":1,"s:15:13:15:Infinity":2,"s:17:27:17:Infinity":3,"s:18:16:18:Infinity":4,"s:19:17:20:Infinity":5,"f:19:23:19:Infinity":2,"s:20:12:20:52":6,"b:20:12:20:31:20:31:20:52":2,"b:23:1:37:Infinity:25:12:37:Infinity":3,"s:23:1:37:Infinity":7,"s:24:2:24:Infinity":8,"b:25:12:37:Infinity:27:12:37:Infinity":4,"s:25:12:37:Infinity":9,"s:26:2:26:Infinity":10,"b:27:12:37:Infinity:33:12:37:Infinity":5,"s:27:12:37:Infinity":11,"b:28:2:31:Infinity:30:9:31:Infinity":6,"s:28:2:31:Infinity":12,"s:29:3:29:Infinity":13,"b:29:17:29:36:29:36:29:Infinity":7,"s:31:3:31:Infinity":14,"b:33:12:37:Infinity:undefined:undefined:undefined:undefined":8,"s:33:12:37:Infinity":15,"b:34:2:37:Infinity:36:9:37:Infinity":9,"s:34:2:37:Infinity":16,"s:35:3:35:Infinity":17,"b:35:17:35:21:35:21:35:Infinity":10,"s:37:3:37:Infinity":18,"b:41:1:41:Infinity:undefined:undefined:undefined:undefined":11,"s:41:1:41:Infinity":19,"s:41:20:41:Infinity":20,"s:43:1:43:Infinity":21,"s:44:1:44:Infinity":22,"s:45:1:45:Infinity":23,"f:48:16:48:38":3,"s:49:1:49:Infinity":24,"f:52:16:52:40":4,"s:53:1:53:Infinity":25}}}
,"/Users/nhall/Sites/pari/src/utils/scroll-lock.ts": {"path":"/Users/nhall/Sites/pari/src/utils/scroll-lock.ts","statementMap":{"0":{"start":{"line":1,"column":21},"end":{"line":1,"column":null}},"1":{"start":{"line":4,"column":17},"end":{"line":4,"column":null}},"2":{"start":{"line":5,"column":1},"end":{"line":5,"column":null}},"3":{"start":{"line":6,"column":1},"end":{"line":6,"column":null}},"4":{"start":{"line":7,"column":1},"end":{"line":7,"column":null}},"5":{"start":{"line":8,"column":1},"end":{"line":8,"column":null}},"6":{"start":{"line":12,"column":1},"end":{"line":12,"column":null}},"7":{"start":{"line":13,"column":1},"end":{"line":13,"column":null}},"8":{"start":{"line":15,"column":17},"end":{"line":15,"column":67}},"9":{"start":{"line":16,"column":1},"end":{"line":16,"column":null}},"10":{"start":{"line":17,"column":1},"end":{"line":17,"column":null}},"11":{"start":{"line":18,"column":1},"end":{"line":18,"column":null}}},"fnMap":{"0":{"name":"lockScroll","decl":{"start":{"line":3,"column":16},"end":{"line":3,"column":29}},"loc":{"start":{"line":3,"column":29},"end":{"line":8,"column":null}},"line":3},"1":{"name":"unlockScroll","decl":{"start":{"line":11,"column":16},"end":{"line":11,"column":31}},"loc":{"start":{"line":11,"column":31},"end":{"line":18,"column":null}},"line":11}},"branchMap":{"0":{"loc":{"start":{"line":15,"column":26},"end":{"line":15,"column":64}},"type":"binary-expr","locations":[{"start":{"line":15,"column":26},"end":{"line":15,"column":59}},{"start":{"line":15,"column":59},"end":{"line":15,"column":64}}],"line":15}},"s":{"0":1,"1":6,"2":6,"3":6,"4":6,"5":6,"6":6,"7":6,"8":6,"9":6,"10":6,"11":6},"f":{"0":6,"1":6},"b":{"0":[6,0]},"meta":{"lastBranch":1,"lastFunction":2,"lastStatement":12,"seen":{"s:1:21:1:Infinity":0,"f:3:16:3:29":0,"s:4:17:4:Infinity":1,"s:5:1:5:Infinity":2,"s:6:1:6:Infinity":3,"s:7:1:7:Infinity":4,"s:8:1:8:Infinity":5,"f:11:16:11:31":1,"s:12:1:12:Infinity":6,"s:13:1:13:Infinity":7,"s:15:17:15:67":8,"b:15:26:15:59:15:59:15:64":0,"s:16:1:16:Infinity":9,"s:17:1:17:Infinity":10,"s:18:1:18:Infinity":11}}}
,"/Users/nhall/Sites/pari/src/utils/uid.ts": {"path":"/Users/nhall/Sites/pari/src/utils/uid.ts","statementMap":{"0":{"start":{"line":1,"column":14},"end":{"line":1,"column":null}},"1":{"start":{"line":4,"column":1},"end":{"line":4,"column":null}}},"fnMap":{"0":{"name":"uid","decl":{"start":{"line":3,"column":16},"end":{"line":3,"column":20}},"loc":{"start":{"line":3,"column":44},"end":{"line":4,"column":null}},"line":3}},"branchMap":{},"s":{"0":5,"1":67},"f":{"0":67},"b":{},"meta":{"lastBranch":0,"lastFunction":1,"lastStatement":2,"seen":{"s:1:14:1:Infinity":0,"f:3:16:3:20":0,"s:4:1:4:Infinity":1}}}
}
